2025-12-13 09:48:40,838 Signal INFO: Local GPU model: NVIDIA A100-SXM4-80GB, Torch version: 2.1.1+cu118,cuda:11.8
2025-12-13 09:48:40,839 Signal INFO: Saving model in the path :logs/Signal_ablation_xiaorong_20251213_094834/sign2_SIM/RGBNT201_all
2025-12-13 09:48:40,839 Signal INFO: Namespace(config_file='configs/RGBNT201/Signal.yml', fea_cft=0, opts=['MODEL.USE_A', 'True', 'MODEL.USE_B', 'False', 'OUTPUT_DIR', 'logs/Signal_ablation_xiaorong_20251213_094834/sign2_SIM'], local_rank=0)
2025-12-13 09:48:40,839 Signal INFO: Loaded configuration file configs/RGBNT201/Signal.yml
2025-12-13 09:48:40,840 Signal INFO: 
MODEL:
  TRANSFORMER_TYPE: 'ViT-B-16'
  STRIDE_SIZE: [ 16, 16 ]
  SIE_CAMERA: True
  DIRECT: 1
  SIE_COE: 1.0
  ID_LOSS_WEIGHT: 0.25
  TRIPLET_LOSS_WEIGHT: 1.0
  Gram_Loss_weight: 0.2
  PAT_Loss_weight: 0.2
  USE_A: True
  TOPK: 80
  USE_B: True
  stageName: 'together_CLS_Patch'     # [CLS,  together_CLS_Patch]
  
  

INPUT:
  SIZE_TRAIN: [ 256, 128 ]
  SIZE_TEST: [ 256, 128 ]
  PROB: 0.5 # random horizontal flip
  RE_PROB: 0.5 # random erasing
  PADDING: 10

DATALOADER:
  SAMPLER: 'softmax_triplet'
  NUM_INSTANCE: 8
  NUM_WORKERS: 12

DATASETS:
  NAMES: ('RGBNT201')
  ROOT_DIR: '..'

SOLVER:
  BASE_LR: 0.00035
  WARMUP_ITERS: 10
  MAX_EPOCHS: 50
  OPTIMIZER_NAME: 'Adam'
  IMS_PER_BATCH: 64
  EVAL_PERIOD: 1

TEST:
  IMS_PER_BATCH: 128
  RE_RANKING: 'no'
  WEIGHT: ''
  NECK_FEAT: 'before'
  FEAT_NORM: 'yes'
  MISS: "nothing"

OUTPUT_DIR: '.'
ckpt_save_path: 'RGBNT201_all'
ckpt_test_path:  'test_RNT201'

2025-12-13 09:48:40,840 Signal INFO: Running with config:
DATALOADER:
  NUM_INSTANCE: 8
  NUM_WORKERS: 12
  SAMPLER: softmax_triplet
DATASETS:
  NAMES: RGBNT201
  ROOT_DIR: ..
INPUT:
  PADDING: 10
  PIXEL_MEAN: [0.5, 0.5, 0.5]
  PIXEL_STD: [0.5, 0.5, 0.5]
  PROB: 0.5
  RE_PROB: 0.5
  SIZE_TEST: [256, 128]
  SIZE_TRAIN: [256, 128]
MODEL:
  ADAPTER: False
  ATT_DROP_RATE: 0.0
  DEVICE: cuda
  DEVICE_ID: 0
  DIRECT: 1
  DIST_TRAIN: False
  DROP_OUT: 0.0
  DROP_PATH: 0.1
  FROZEN: False
  Gram_Loss_weight: 0.2
  ID_LOSS_TYPE: softmax
  ID_LOSS_WEIGHT: 0.25
  IF_LABELSMOOTH: on
  IF_WITH_CENTER: no
  METRIC_LOSS_TYPE: triplet
  MoE_Loss_weight: 0.1
  NAME: Signal
  NECK: bnneck
  NO_MARGIN: True
  PAT_Loss_weight: 0.2
  PRETRAIN_PATH_T: /path/to/your/vitb_16_224_21k.pth
  PROMPT: False
  SIE_CAMERA: True
  SIE_COE: 1.0
  SIE_VIEW: False
  STRIDE_SIZE: [16, 16]
  TOPK: 80
  TRANSFORMER_TYPE: ViT-B-16
  TRIPLET_LOSS_WEIGHT: 1.0
  USE_A: True
  USE_B: False
  stageName: together_CLS_Patch
OUTPUT_DIR: logs/Signal_ablation_xiaorong_20251213_094834/sign2_SIM
SOLVER:
  BASE_LR: 0.00035
  BIAS_LR_FACTOR: 2
  CENTER_LOSS_WEIGHT: 0.0005
  CENTER_LR: 0.5
  CHECKPOINT_PERIOD: 50
  CLUSTER_MARGIN: 0.3
  COSINE_MARGIN: 0.5
  COSINE_SCALE: 30
  EVAL_PERIOD: 1
  GAMMA: 0.1
  IMS_PER_BATCH: 64
  LARGE_FC_LR: False
  LOG_PERIOD: 10
  MARGIN: 0.3
  MAX_EPOCHS: 50
  MOMENTUM: 0.9
  OPTIMIZER_NAME: Adam
  RANGE_ALPHA: 0
  RANGE_BETA: 1
  RANGE_K: 2
  RANGE_LOSS_WEIGHT: 1
  RANGE_MARGIN: 0.3
  SEED: 1234
  STEPS: (40, 70)
  WARMUP_FACTOR: 0.01
  WARMUP_ITERS: 10
  WARMUP_METHOD: linear
  WEIGHT_DECAY: 0.0001
  WEIGHT_DECAY_BIAS: 0.0001
TEST:
  EVAL: False
  FEAT: 0
  FEAT_NORM: yes
  IMS_PER_BATCH: 128
  MISS: nothing
  NECK_FEAT: before
  RE_RANKING: no
  WEIGHT: 
ckpt_save_path: RGBNT201_all
ckpt_test_path: test_RNT201
=> RGBNT201 loaded
Dataset statistics:
  ----------------------------------------
  subset   | # ids | # images | # cameras
  ----------------------------------------
  train    |   171 |     3951 |         4
  query    |    30 |      836 |         2
  gallery  |    30 |      836 |         2
  ----------------------------------------
建立transformer............
using Transformer_type: ViT-B-16 as a backbone
model_path (abs): /raid/yij/icme/singlerelated/ViT-B-16.pt
Resized position embedding: %s to %s torch.Size([197, 768]) torch.Size([129, 768])
Position embedding resize to height:16 width: 8
Successfully load ckpt!
<All keys matched successfully>
Loading pretrained model from CLIP
camera number is : 4
===========Building Signal===========
2025-12-13 09:48:47,149 Signal INFO: Signal(
  (clip_vision_encoder): build_transformer(
    (base): VisionTransformer(
      (conv1): Conv2d(3, 768, kernel_size=(16, 16), stride=(16, 16), bias=False)
      (ln_pre): LayerNorm((768,), eps=1e-05, elementwise_affine=True)
      (transformer): Transformer(
        (resblocks): Sequential(
          (0): ResidualAttentionBlock(
            (attn): MultiheadAttention(
              (out_proj): NonDynamicallyQuantizableLinear(in_features=768, out_features=768, bias=True)
            )
            (ln_1): LayerNorm((768,), eps=1e-05, elementwise_affine=True)
            (mlp): Sequential(
              (c_fc): Linear(in_features=768, out_features=3072, bias=True)
              (gelu): QuickGELU()
              (c_proj): Linear(in_features=3072, out_features=768, bias=True)
            )
            (ln_2): LayerNorm((768,), eps=1e-05, elementwise_affine=True)
          )
          (1): ResidualAttentionBlock(
            (attn): MultiheadAttention(
              (out_proj): NonDynamicallyQuantizableLinear(in_features=768, out_features=768, bias=True)
            )
            (ln_1): LayerNorm((768,), eps=1e-05, elementwise_affine=True)
            (mlp): Sequential(
              (c_fc): Linear(in_features=768, out_features=3072, bias=True)
              (gelu): QuickGELU()
              (c_proj): Linear(in_features=3072, out_features=768, bias=True)
            )
            (ln_2): LayerNorm((768,), eps=1e-05, elementwise_affine=True)
          )
          (2): ResidualAttentionBlock(
            (attn): MultiheadAttention(
              (out_proj): NonDynamicallyQuantizableLinear(in_features=768, out_features=768, bias=True)
            )
            (ln_1): LayerNorm((768,), eps=1e-05, elementwise_affine=True)
            (mlp): Sequential(
              (c_fc): Linear(in_features=768, out_features=3072, bias=True)
              (gelu): QuickGELU()
              (c_proj): Linear(in_features=3072, out_features=768, bias=True)
            )
            (ln_2): LayerNorm((768,), eps=1e-05, elementwise_affine=True)
          )
          (3): ResidualAttentionBlock(
            (attn): MultiheadAttention(
              (out_proj): NonDynamicallyQuantizableLinear(in_features=768, out_features=768, bias=True)
            )
            (ln_1): LayerNorm((768,), eps=1e-05, elementwise_affine=True)
            (mlp): Sequential(
              (c_fc): Linear(in_features=768, out_features=3072, bias=True)
              (gelu): QuickGELU()
              (c_proj): Linear(in_features=3072, out_features=768, bias=True)
            )
            (ln_2): LayerNorm((768,), eps=1e-05, elementwise_affine=True)
          )
          (4): ResidualAttentionBlock(
            (attn): MultiheadAttention(
              (out_proj): NonDynamicallyQuantizableLinear(in_features=768, out_features=768, bias=True)
            )
            (ln_1): LayerNorm((768,), eps=1e-05, elementwise_affine=True)
            (mlp): Sequential(
              (c_fc): Linear(in_features=768, out_features=3072, bias=True)
              (gelu): QuickGELU()
              (c_proj): Linear(in_features=3072, out_features=768, bias=True)
            )
            (ln_2): LayerNorm((768,), eps=1e-05, elementwise_affine=True)
          )
          (5): ResidualAttentionBlock(
            (attn): MultiheadAttention(
              (out_proj): NonDynamicallyQuantizableLinear(in_features=768, out_features=768, bias=True)
            )
            (ln_1): LayerNorm((768,), eps=1e-05, elementwise_affine=True)
            (mlp): Sequential(
              (c_fc): Linear(in_features=768, out_features=3072, bias=True)
              (gelu): QuickGELU()
              (c_proj): Linear(in_features=3072, out_features=768, bias=True)
            )
            (ln_2): LayerNorm((768,), eps=1e-05, elementwise_affine=True)
          )
          (6): ResidualAttentionBlock(
            (attn): MultiheadAttention(
              (out_proj): NonDynamicallyQuantizableLinear(in_features=768, out_features=768, bias=True)
            )
            (ln_1): LayerNorm((768,), eps=1e-05, elementwise_affine=True)
            (mlp): Sequential(
              (c_fc): Linear(in_features=768, out_features=3072, bias=True)
              (gelu): QuickGELU()
              (c_proj): Linear(in_features=3072, out_features=768, bias=True)
            )
            (ln_2): LayerNorm((768,), eps=1e-05, elementwise_affine=True)
          )
          (7): ResidualAttentionBlock(
            (attn): MultiheadAttention(
              (out_proj): NonDynamicallyQuantizableLinear(in_features=768, out_features=768, bias=True)
            )
            (ln_1): LayerNorm((768,), eps=1e-05, elementwise_affine=True)
            (mlp): Sequential(
              (c_fc): Linear(in_features=768, out_features=3072, bias=True)
              (gelu): QuickGELU()
              (c_proj): Linear(in_features=3072, out_features=768, bias=True)
            )
            (ln_2): LayerNorm((768,), eps=1e-05, elementwise_affine=True)
          )
          (8): ResidualAttentionBlock(
            (attn): MultiheadAttention(
              (out_proj): NonDynamicallyQuantizableLinear(in_features=768, out_features=768, bias=True)
            )
            (ln_1): LayerNorm((768,), eps=1e-05, elementwise_affine=True)
            (mlp): Sequential(
              (c_fc): Linear(in_features=768, out_features=3072, bias=True)
              (gelu): QuickGELU()
              (c_proj): Linear(in_features=3072, out_features=768, bias=True)
            )
            (ln_2): LayerNorm((768,), eps=1e-05, elementwise_affine=True)
          )
          (9): ResidualAttentionBlock(
            (attn): MultiheadAttention(
              (out_proj): NonDynamicallyQuantizableLinear(in_features=768, out_features=768, bias=True)
            )
            (ln_1): LayerNorm((768,), eps=1e-05, elementwise_affine=True)
            (mlp): Sequential(
              (c_fc): Linear(in_features=768, out_features=3072, bias=True)
              (gelu): QuickGELU()
              (c_proj): Linear(in_features=3072, out_features=768, bias=True)
            )
            (ln_2): LayerNorm((768,), eps=1e-05, elementwise_affine=True)
          )
          (10): ResidualAttentionBlock(
            (attn): MultiheadAttention(
              (out_proj): NonDynamicallyQuantizableLinear(in_features=768, out_features=768, bias=True)
            )
            (ln_1): LayerNorm((768,), eps=1e-05, elementwise_affine=True)
            (mlp): Sequential(
              (c_fc): Linear(in_features=768, out_features=3072, bias=True)
              (gelu): QuickGELU()
              (c_proj): Linear(in_features=3072, out_features=768, bias=True)
            )
            (ln_2): LayerNorm((768,), eps=1e-05, elementwise_affine=True)
          )
          (11): ResidualAttentionBlock(
            (attn): MultiheadAttention(
              (out_proj): NonDynamicallyQuantizableLinear(in_features=768, out_features=768, bias=True)
            )
            (ln_1): LayerNorm((768,), eps=1e-05, elementwise_affine=True)
            (mlp): Sequential(
              (c_fc): Linear(in_features=768, out_features=3072, bias=True)
              (gelu): QuickGELU()
              (c_proj): Linear(in_features=3072, out_features=768, bias=True)
            )
            (ln_2): LayerNorm((768,), eps=1e-05, elementwise_affine=True)
          )
        )
      )
      (ln_post): LayerNorm((768,), eps=1e-05, elementwise_affine=True)
    )
  )
  (bottleneck): BatchNorm1d(1536, eps=1e-05, momentum=0.1, affine=True, track_running_stats=True)
  (classifier): Linear(in_features=1536, out_features=171, bias=False)
  (SIM): Select_Interactive_Module(
    (token_selection): TokenSelection(
      (W_q): Linear(in_features=512, out_features=512, bias=True)
      (W_k): Linear(in_features=512, out_features=512, bias=True)
      (W_v): Linear(in_features=512, out_features=512, bias=True)
    )
    (modal_interactive): ModalInteractive(
      (cross_attn): MultiheadAttention(
        (out_proj): NonDynamicallyQuantizableLinear(in_features=512, out_features=512, bias=True)
      )
      (ffn): Sequential(
        (0): Linear(in_features=512, out_features=1024, bias=True)
        (1): GELU(approximate='none')
        (2): Linear(in_features=1024, out_features=512, bias=True)
      )
      (norm1): LayerNorm((512,), eps=1e-05, elementwise_affine=True)
      (norm2): LayerNorm((512,), eps=1e-05, elementwise_affine=True)
    )
  )
  (classifier_var): Linear(in_features=1536, out_features=171, bias=False)
  (bottleneck_var): BatchNorm1d(1536, eps=1e-05, momentum=0.1, affine=True, track_running_stats=True)
)
2025-12-13 09:48:47,172 Signal INFO: number of parameters:89.562624
using soft triplet loss for training
label smooth on, numclasses: 171
2025-12-13 09:48:47,196 Signal.train INFO: start training
use CUDA cuda:0
<<<<<<<<<<<<<<<<<<<<<<<<<<<<<<<< Start Training >>>>>>>>>>>>>>>>>>>>>>>>>>>>>
2025-12-13 09:48:51,928 Signal.train INFO: Epoch[1] Iteration[10/54] Loss: 9.766, Acc: 0.003, Base Lr: 6.65e-05
2025-12-13 09:48:54,765 Signal.train INFO: Epoch[1] Iteration[20/54] Loss: 7.099, Acc: 0.009, Base Lr: 6.65e-05
2025-12-13 09:48:57,633 Signal.train INFO: Epoch[1] Iteration[30/54] Loss: 6.090, Acc: 0.011, Base Lr: 6.65e-05
2025-12-13 09:49:00,469 Signal.train INFO: Epoch[1] Iteration[40/54] Loss: 5.520, Acc: 0.026, Base Lr: 6.65e-05
2025-12-13 09:49:03,379 Signal.train INFO: Epoch[1] Iteration[50/54] Loss: 5.175, Acc: 0.037, Base Lr: 6.65e-05
2025-12-13 09:49:04,323 Signal.train INFO: Epoch 1 done. Time per batch: 0.323[s] Speed: 198.1[samples/s]
2025-12-13 09:49:04,324 Signal.train INFO: ~~~~~~~~~~~~~~~~~~~~~~~~~~~~~~~~~~~~~~~~~~~~~~~~~~
2025-12-13 09:49:04,325 Signal.train INFO: Current is the our feature testing!
2025-12-13 09:49:04,325 Signal.train INFO: ~~~~~~~~~~~~~~~~~~~~~~~~~~~~~~~~~~~~~~~~~~~~~~~~~~
The test feature is normalized
=> Computing DistMat with euclidean_distance
2025-12-13 09:49:14,808 Signal.train INFO: Validation Results - Epoch: 1
2025-12-13 09:49:14,808 Signal.train INFO: mAP: 21.7%
2025-12-13 09:49:14,808 Signal.train INFO: CMC curve, Rank-1  :17.0%
2025-12-13 09:49:14,808 Signal.train INFO: CMC curve, Rank-5  :40.4%
2025-12-13 09:49:14,808 Signal.train INFO: CMC curve, Rank-10 :50.4%
2025-12-13 09:49:14,808 Signal.train INFO: ~~~~~~~~~~~~~~~~~~~~~~~~~~~~~~~~~~~~~~~~~~~~~~~~~~
2025-12-13 09:49:19,988 Signal.train INFO: ~~~~~~~~~~~~~~~~~~~~~~~~~~~~~~~~~~~~~~~~~~~~~~~~~~
2025-12-13 09:49:19,988 Signal.train INFO: Best mAP: 21.7%
2025-12-13 09:49:19,988 Signal.train INFO: Best Rank-1: 17.0%
2025-12-13 09:49:19,988 Signal.train INFO: Best Rank-5: 40.4%
2025-12-13 09:49:19,988 Signal.train INFO: Best Rank-10: 50.4%
2025-12-13 09:49:19,989 Signal.train INFO: ~~~~~~~~~~~~~~~~~~~~~~~~~~~~~~~~~~~~~~~~~~~~~~~~~~
2025-12-13 09:49:23,528 Signal.train INFO: Epoch[2] Iteration[10/54] Loss: 3.495, Acc: 0.381, Base Lr: 9.80e-05
2025-12-13 09:49:26,433 Signal.train INFO: Epoch[2] Iteration[20/54] Loss: 3.350, Acc: 0.351, Base Lr: 9.80e-05
2025-12-13 09:49:29,309 Signal.train INFO: Epoch[2] Iteration[30/54] Loss: 3.263, Acc: 0.341, Base Lr: 9.80e-05
2025-12-13 09:49:32,154 Signal.train INFO: Epoch[2] Iteration[40/54] Loss: 3.194, Acc: 0.340, Base Lr: 9.80e-05
2025-12-13 09:49:34,990 Signal.train INFO: Epoch[2] Iteration[50/54] Loss: 3.117, Acc: 0.332, Base Lr: 9.80e-05
2025-12-13 09:49:35,933 Signal.train INFO: Epoch 2 done. Time per batch: 0.301[s] Speed: 212.7[samples/s]
2025-12-13 09:49:35,935 Signal.train INFO: ~~~~~~~~~~~~~~~~~~~~~~~~~~~~~~~~~~~~~~~~~~~~~~~~~~
2025-12-13 09:49:35,935 Signal.train INFO: Current is the our feature testing!
2025-12-13 09:49:35,935 Signal.train INFO: ~~~~~~~~~~~~~~~~~~~~~~~~~~~~~~~~~~~~~~~~~~~~~~~~~~
The test feature is normalized
=> Computing DistMat with euclidean_distance
2025-12-13 09:49:46,691 Signal.train INFO: Validation Results - Epoch: 2
2025-12-13 09:49:46,692 Signal.train INFO: mAP: 53.0%
2025-12-13 09:49:46,692 Signal.train INFO: CMC curve, Rank-1  :55.7%
2025-12-13 09:49:46,692 Signal.train INFO: CMC curve, Rank-5  :65.0%
2025-12-13 09:49:46,692 Signal.train INFO: CMC curve, Rank-10 :70.0%
2025-12-13 09:49:46,692 Signal.train INFO: ~~~~~~~~~~~~~~~~~~~~~~~~~~~~~~~~~~~~~~~~~~~~~~~~~~
2025-12-13 09:49:49,907 Signal.train INFO: ~~~~~~~~~~~~~~~~~~~~~~~~~~~~~~~~~~~~~~~~~~~~~~~~~~
2025-12-13 09:49:49,907 Signal.train INFO: Best mAP: 53.0%
2025-12-13 09:49:49,907 Signal.train INFO: Best Rank-1: 55.7%
2025-12-13 09:49:49,907 Signal.train INFO: Best Rank-5: 65.0%
2025-12-13 09:49:49,907 Signal.train INFO: Best Rank-10: 70.0%
2025-12-13 09:49:49,907 Signal.train INFO: ~~~~~~~~~~~~~~~~~~~~~~~~~~~~~~~~~~~~~~~~~~~~~~~~~~
2025-12-13 09:49:53,432 Signal.train INFO: Epoch[3] Iteration[10/54] Loss: 2.687, Acc: 0.625, Base Lr: 1.30e-04
2025-12-13 09:49:56,401 Signal.train INFO: Epoch[3] Iteration[20/54] Loss: 2.623, Acc: 0.613, Base Lr: 1.30e-04
2025-12-13 09:49:59,324 Signal.train INFO: Epoch[3] Iteration[30/54] Loss: 2.603, Acc: 0.608, Base Lr: 1.30e-04
2025-12-13 09:50:02,187 Signal.train INFO: Epoch[3] Iteration[40/54] Loss: 2.529, Acc: 0.576, Base Lr: 1.30e-04
2025-12-13 09:50:05,055 Signal.train INFO: Epoch[3] Iteration[50/54] Loss: 2.476, Acc: 0.578, Base Lr: 1.30e-04
2025-12-13 09:50:05,983 Signal.train INFO: Epoch 3 done. Time per batch: 0.303[s] Speed: 211.0[samples/s]
2025-12-13 09:50:06,022 Signal.train INFO: ~~~~~~~~~~~~~~~~~~~~~~~~~~~~~~~~~~~~~~~~~~~~~~~~~~
2025-12-13 09:50:06,022 Signal.train INFO: Current is the our feature testing!
2025-12-13 09:50:06,022 Signal.train INFO: ~~~~~~~~~~~~~~~~~~~~~~~~~~~~~~~~~~~~~~~~~~~~~~~~~~
The test feature is normalized
=> Computing DistMat with euclidean_distance
2025-12-13 09:50:16,732 Signal.train INFO: Validation Results - Epoch: 3
2025-12-13 09:50:16,732 Signal.train INFO: mAP: 65.0%
2025-12-13 09:50:16,732 Signal.train INFO: CMC curve, Rank-1  :67.1%
2025-12-13 09:50:16,732 Signal.train INFO: CMC curve, Rank-5  :79.2%
2025-12-13 09:50:16,732 Signal.train INFO: CMC curve, Rank-10 :84.0%
2025-12-13 09:50:16,732 Signal.train INFO: ~~~~~~~~~~~~~~~~~~~~~~~~~~~~~~~~~~~~~~~~~~~~~~~~~~
2025-12-13 09:50:19,969 Signal.train INFO: ~~~~~~~~~~~~~~~~~~~~~~~~~~~~~~~~~~~~~~~~~~~~~~~~~~
2025-12-13 09:50:19,969 Signal.train INFO: Best mAP: 65.0%
2025-12-13 09:50:19,969 Signal.train INFO: Best Rank-1: 67.1%
2025-12-13 09:50:19,969 Signal.train INFO: Best Rank-5: 79.2%
2025-12-13 09:50:19,969 Signal.train INFO: Best Rank-10: 84.0%
2025-12-13 09:50:19,969 Signal.train INFO: ~~~~~~~~~~~~~~~~~~~~~~~~~~~~~~~~~~~~~~~~~~~~~~~~~~
2025-12-13 09:50:23,468 Signal.train INFO: Epoch[4] Iteration[10/54] Loss: 1.941, Acc: 0.822, Base Lr: 1.61e-04
2025-12-13 09:50:26,310 Signal.train INFO: Epoch[4] Iteration[20/54] Loss: 1.834, Acc: 0.820, Base Lr: 1.61e-04
2025-12-13 09:50:29,193 Signal.train INFO: Epoch[4] Iteration[30/54] Loss: 1.836, Acc: 0.775, Base Lr: 1.61e-04
2025-12-13 09:50:32,063 Signal.train INFO: Epoch[4] Iteration[40/54] Loss: 1.791, Acc: 0.782, Base Lr: 1.61e-04
2025-12-13 09:50:34,951 Signal.train INFO: Epoch[4] Iteration[50/54] Loss: 1.759, Acc: 0.788, Base Lr: 1.61e-04
2025-12-13 09:50:35,895 Signal.train INFO: Epoch 4 done. Time per batch: 0.300[s] Speed: 213.0[samples/s]
2025-12-13 09:50:35,897 Signal.train INFO: ~~~~~~~~~~~~~~~~~~~~~~~~~~~~~~~~~~~~~~~~~~~~~~~~~~
2025-12-13 09:50:35,897 Signal.train INFO: Current is the our feature testing!
2025-12-13 09:50:35,897 Signal.train INFO: ~~~~~~~~~~~~~~~~~~~~~~~~~~~~~~~~~~~~~~~~~~~~~~~~~~
The test feature is normalized
=> Computing DistMat with euclidean_distance
2025-12-13 09:50:46,622 Signal.train INFO: Validation Results - Epoch: 4
2025-12-13 09:50:46,623 Signal.train INFO: mAP: 69.5%
2025-12-13 09:50:46,623 Signal.train INFO: CMC curve, Rank-1  :73.4%
2025-12-13 09:50:46,623 Signal.train INFO: CMC curve, Rank-5  :83.4%
2025-12-13 09:50:46,623 Signal.train INFO: CMC curve, Rank-10 :88.6%
2025-12-13 09:50:46,623 Signal.train INFO: ~~~~~~~~~~~~~~~~~~~~~~~~~~~~~~~~~~~~~~~~~~~~~~~~~~
2025-12-13 09:50:49,854 Signal.train INFO: ~~~~~~~~~~~~~~~~~~~~~~~~~~~~~~~~~~~~~~~~~~~~~~~~~~
2025-12-13 09:50:49,854 Signal.train INFO: Best mAP: 69.5%
2025-12-13 09:50:49,854 Signal.train INFO: Best Rank-1: 73.4%
2025-12-13 09:50:49,854 Signal.train INFO: Best Rank-5: 83.4%
2025-12-13 09:50:49,854 Signal.train INFO: Best Rank-10: 88.6%
2025-12-13 09:50:49,854 Signal.train INFO: ~~~~~~~~~~~~~~~~~~~~~~~~~~~~~~~~~~~~~~~~~~~~~~~~~~
2025-12-13 09:50:53,483 Signal.train INFO: Epoch[5] Iteration[10/54] Loss: 1.290, Acc: 0.867, Base Lr: 1.93e-04
2025-12-13 09:50:56,374 Signal.train INFO: Epoch[5] Iteration[20/54] Loss: 1.260, Acc: 0.845, Base Lr: 1.93e-04
2025-12-13 09:50:59,227 Signal.train INFO: Epoch[5] Iteration[30/54] Loss: 1.256, Acc: 0.794, Base Lr: 1.93e-04
2025-12-13 09:51:02,095 Signal.train INFO: Epoch[5] Iteration[40/54] Loss: 1.222, Acc: 0.806, Base Lr: 1.93e-04
2025-12-13 09:51:04,948 Signal.train INFO: Epoch[5] Iteration[50/54] Loss: 1.208, Acc: 0.802, Base Lr: 1.93e-04
2025-12-13 09:51:05,876 Signal.train INFO: Epoch 5 done. Time per batch: 0.302[s] Speed: 211.7[samples/s]
2025-12-13 09:51:05,877 Signal.train INFO: ~~~~~~~~~~~~~~~~~~~~~~~~~~~~~~~~~~~~~~~~~~~~~~~~~~
2025-12-13 09:51:05,877 Signal.train INFO: Current is the our feature testing!
2025-12-13 09:51:05,878 Signal.train INFO: ~~~~~~~~~~~~~~~~~~~~~~~~~~~~~~~~~~~~~~~~~~~~~~~~~~
The test feature is normalized
=> Computing DistMat with euclidean_distance
2025-12-13 09:51:16,530 Signal.train INFO: Validation Results - Epoch: 5
2025-12-13 09:51:16,530 Signal.train INFO: mAP: 69.7%
2025-12-13 09:51:16,530 Signal.train INFO: CMC curve, Rank-1  :75.4%
2025-12-13 09:51:16,530 Signal.train INFO: CMC curve, Rank-5  :84.6%
2025-12-13 09:51:16,531 Signal.train INFO: CMC curve, Rank-10 :88.8%
2025-12-13 09:51:16,531 Signal.train INFO: ~~~~~~~~~~~~~~~~~~~~~~~~~~~~~~~~~~~~~~~~~~~~~~~~~~
2025-12-13 09:51:19,761 Signal.train INFO: ~~~~~~~~~~~~~~~~~~~~~~~~~~~~~~~~~~~~~~~~~~~~~~~~~~
2025-12-13 09:51:19,761 Signal.train INFO: Best mAP: 69.7%
2025-12-13 09:51:19,761 Signal.train INFO: Best Rank-1: 75.4%
2025-12-13 09:51:19,762 Signal.train INFO: Best Rank-5: 84.6%
2025-12-13 09:51:19,762 Signal.train INFO: Best Rank-10: 88.8%
2025-12-13 09:51:19,762 Signal.train INFO: ~~~~~~~~~~~~~~~~~~~~~~~~~~~~~~~~~~~~~~~~~~~~~~~~~~
2025-12-13 09:51:23,243 Signal.train INFO: Epoch[6] Iteration[10/54] Loss: 0.843, Acc: 0.948, Base Lr: 2.24e-04
2025-12-13 09:51:26,105 Signal.train INFO: Epoch[6] Iteration[20/54] Loss: 0.867, Acc: 0.955, Base Lr: 2.24e-04
2025-12-13 09:51:28,980 Signal.train INFO: Epoch[6] Iteration[30/54] Loss: 0.841, Acc: 0.953, Base Lr: 2.24e-04
2025-12-13 09:51:31,857 Signal.train INFO: Epoch[6] Iteration[40/54] Loss: 0.888, Acc: 0.944, Base Lr: 2.24e-04
2025-12-13 09:51:34,701 Signal.train INFO: Epoch[6] Iteration[50/54] Loss: 0.901, Acc: 0.943, Base Lr: 2.24e-04
2025-12-13 09:51:35,631 Signal.train INFO: Epoch 6 done. Time per batch: 0.299[s] Speed: 213.7[samples/s]
2025-12-13 09:51:35,632 Signal.train INFO: ~~~~~~~~~~~~~~~~~~~~~~~~~~~~~~~~~~~~~~~~~~~~~~~~~~
2025-12-13 09:51:35,632 Signal.train INFO: Current is the our feature testing!
2025-12-13 09:51:35,633 Signal.train INFO: ~~~~~~~~~~~~~~~~~~~~~~~~~~~~~~~~~~~~~~~~~~~~~~~~~~
The test feature is normalized
=> Computing DistMat with euclidean_distance
2025-12-13 09:51:46,223 Signal.train INFO: Validation Results - Epoch: 6
2025-12-13 09:51:46,224 Signal.train INFO: mAP: 63.9%
2025-12-13 09:51:46,224 Signal.train INFO: CMC curve, Rank-1  :69.5%
2025-12-13 09:51:46,224 Signal.train INFO: CMC curve, Rank-5  :79.1%
2025-12-13 09:51:46,224 Signal.train INFO: CMC curve, Rank-10 :84.9%
2025-12-13 09:51:46,224 Signal.train INFO: ~~~~~~~~~~~~~~~~~~~~~~~~~~~~~~~~~~~~~~~~~~~~~~~~~~
2025-12-13 09:51:46,264 Signal.train INFO: ~~~~~~~~~~~~~~~~~~~~~~~~~~~~~~~~~~~~~~~~~~~~~~~~~~
2025-12-13 09:51:46,265 Signal.train INFO: Best mAP: 69.7%
2025-12-13 09:51:46,265 Signal.train INFO: Best Rank-1: 75.4%
2025-12-13 09:51:46,265 Signal.train INFO: Best Rank-5: 84.6%
2025-12-13 09:51:46,265 Signal.train INFO: Best Rank-10: 88.8%
2025-12-13 09:51:46,265 Signal.train INFO: ~~~~~~~~~~~~~~~~~~~~~~~~~~~~~~~~~~~~~~~~~~~~~~~~~~
2025-12-13 09:51:49,819 Signal.train INFO: Epoch[7] Iteration[10/54] Loss: 0.696, Acc: 0.986, Base Lr: 2.55e-04
2025-12-13 09:51:52,708 Signal.train INFO: Epoch[7] Iteration[20/54] Loss: 0.679, Acc: 0.988, Base Lr: 2.55e-04
2025-12-13 09:51:55,565 Signal.train INFO: Epoch[7] Iteration[30/54] Loss: 0.681, Acc: 0.984, Base Lr: 2.55e-04
2025-12-13 09:51:58,424 Signal.train INFO: Epoch[7] Iteration[40/54] Loss: 0.662, Acc: 0.986, Base Lr: 2.55e-04
2025-12-13 09:52:01,291 Signal.train INFO: Epoch[7] Iteration[50/54] Loss: 0.667, Acc: 0.987, Base Lr: 2.55e-04
2025-12-13 09:52:02,234 Signal.train INFO: Epoch 7 done. Time per batch: 0.301[s] Speed: 212.4[samples/s]
2025-12-13 09:52:02,275 Signal.train INFO: ~~~~~~~~~~~~~~~~~~~~~~~~~~~~~~~~~~~~~~~~~~~~~~~~~~
2025-12-13 09:52:02,275 Signal.train INFO: Current is the our feature testing!
2025-12-13 09:52:02,276 Signal.train INFO: ~~~~~~~~~~~~~~~~~~~~~~~~~~~~~~~~~~~~~~~~~~~~~~~~~~
The test feature is normalized
=> Computing DistMat with euclidean_distance
2025-12-13 09:52:13,111 Signal.train INFO: Validation Results - Epoch: 7
2025-12-13 09:52:13,112 Signal.train INFO: mAP: 73.6%
2025-12-13 09:52:13,112 Signal.train INFO: CMC curve, Rank-1  :77.8%
2025-12-13 09:52:13,112 Signal.train INFO: CMC curve, Rank-5  :86.6%
2025-12-13 09:52:13,112 Signal.train INFO: CMC curve, Rank-10 :90.7%
2025-12-13 09:52:13,112 Signal.train INFO: ~~~~~~~~~~~~~~~~~~~~~~~~~~~~~~~~~~~~~~~~~~~~~~~~~~
2025-12-13 09:52:16,330 Signal.train INFO: ~~~~~~~~~~~~~~~~~~~~~~~~~~~~~~~~~~~~~~~~~~~~~~~~~~
2025-12-13 09:52:16,330 Signal.train INFO: Best mAP: 73.6%
2025-12-13 09:52:16,330 Signal.train INFO: Best Rank-1: 77.8%
2025-12-13 09:52:16,330 Signal.train INFO: Best Rank-5: 86.6%
2025-12-13 09:52:16,330 Signal.train INFO: Best Rank-10: 90.7%
2025-12-13 09:52:16,330 Signal.train INFO: ~~~~~~~~~~~~~~~~~~~~~~~~~~~~~~~~~~~~~~~~~~~~~~~~~~
2025-12-13 09:52:20,071 Signal.train INFO: Epoch[8] Iteration[10/54] Loss: 0.557, Acc: 0.991, Base Lr: 2.87e-04
2025-12-13 09:52:22,959 Signal.train INFO: Epoch[8] Iteration[20/54] Loss: 0.556, Acc: 0.994, Base Lr: 2.87e-04
2025-12-13 09:52:25,838 Signal.train INFO: Epoch[8] Iteration[30/54] Loss: 0.553, Acc: 0.995, Base Lr: 2.87e-04
2025-12-13 09:52:28,696 Signal.train INFO: Epoch[8] Iteration[40/54] Loss: 0.559, Acc: 0.995, Base Lr: 2.87e-04
2025-12-13 09:52:31,587 Signal.train INFO: Epoch[8] Iteration[50/54] Loss: 0.559, Acc: 0.996, Base Lr: 2.87e-04
2025-12-13 09:52:32,550 Signal.train INFO: Epoch 8 done. Time per batch: 0.306[s] Speed: 209.1[samples/s]
2025-12-13 09:52:32,552 Signal.train INFO: ~~~~~~~~~~~~~~~~~~~~~~~~~~~~~~~~~~~~~~~~~~~~~~~~~~
2025-12-13 09:52:32,552 Signal.train INFO: Current is the our feature testing!
2025-12-13 09:52:32,552 Signal.train INFO: ~~~~~~~~~~~~~~~~~~~~~~~~~~~~~~~~~~~~~~~~~~~~~~~~~~
The test feature is normalized
=> Computing DistMat with euclidean_distance
2025-12-13 09:52:43,167 Signal.train INFO: Validation Results - Epoch: 8
2025-12-13 09:52:43,168 Signal.train INFO: mAP: 73.8%
2025-12-13 09:52:43,168 Signal.train INFO: CMC curve, Rank-1  :76.2%
2025-12-13 09:52:43,168 Signal.train INFO: CMC curve, Rank-5  :86.1%
2025-12-13 09:52:43,168 Signal.train INFO: CMC curve, Rank-10 :90.1%
2025-12-13 09:52:43,168 Signal.train INFO: ~~~~~~~~~~~~~~~~~~~~~~~~~~~~~~~~~~~~~~~~~~~~~~~~~~
2025-12-13 09:52:46,397 Signal.train INFO: ~~~~~~~~~~~~~~~~~~~~~~~~~~~~~~~~~~~~~~~~~~~~~~~~~~
2025-12-13 09:52:46,397 Signal.train INFO: Best mAP: 73.8%
2025-12-13 09:52:46,397 Signal.train INFO: Best Rank-1: 76.2%
2025-12-13 09:52:46,397 Signal.train INFO: Best Rank-5: 86.1%
2025-12-13 09:52:46,397 Signal.train INFO: Best Rank-10: 90.1%
2025-12-13 09:52:46,397 Signal.train INFO: ~~~~~~~~~~~~~~~~~~~~~~~~~~~~~~~~~~~~~~~~~~~~~~~~~~
2025-12-13 09:52:49,972 Signal.train INFO: Epoch[9] Iteration[10/54] Loss: 0.536, Acc: 0.997, Base Lr: 3.18e-04
2025-12-13 09:52:52,839 Signal.train INFO: Epoch[9] Iteration[20/54] Loss: 0.534, Acc: 0.997, Base Lr: 3.18e-04
2025-12-13 09:52:55,739 Signal.train INFO: Epoch[9] Iteration[30/54] Loss: 0.531, Acc: 0.997, Base Lr: 3.18e-04
2025-12-13 09:52:58,606 Signal.train INFO: Epoch[9] Iteration[40/54] Loss: 0.528, Acc: 0.998, Base Lr: 3.18e-04
2025-12-13 09:53:01,505 Signal.train INFO: Epoch[9] Iteration[50/54] Loss: 0.527, Acc: 0.998, Base Lr: 3.18e-04
2025-12-13 09:53:02,449 Signal.train INFO: Epoch 9 done. Time per batch: 0.303[s] Speed: 211.3[samples/s]
2025-12-13 09:53:02,452 Signal.train INFO: ~~~~~~~~~~~~~~~~~~~~~~~~~~~~~~~~~~~~~~~~~~~~~~~~~~
2025-12-13 09:53:02,452 Signal.train INFO: Current is the our feature testing!
2025-12-13 09:53:02,452 Signal.train INFO: ~~~~~~~~~~~~~~~~~~~~~~~~~~~~~~~~~~~~~~~~~~~~~~~~~~
The test feature is normalized
=> Computing DistMat with euclidean_distance
2025-12-13 09:53:13,387 Signal.train INFO: Validation Results - Epoch: 9
2025-12-13 09:53:13,387 Signal.train INFO: mAP: 73.4%
2025-12-13 09:53:13,387 Signal.train INFO: CMC curve, Rank-1  :76.0%
2025-12-13 09:53:13,387 Signal.train INFO: CMC curve, Rank-5  :85.3%
2025-12-13 09:53:13,387 Signal.train INFO: CMC curve, Rank-10 :90.4%
2025-12-13 09:53:13,387 Signal.train INFO: ~~~~~~~~~~~~~~~~~~~~~~~~~~~~~~~~~~~~~~~~~~~~~~~~~~
2025-12-13 09:53:13,427 Signal.train INFO: ~~~~~~~~~~~~~~~~~~~~~~~~~~~~~~~~~~~~~~~~~~~~~~~~~~
2025-12-13 09:53:13,428 Signal.train INFO: Best mAP: 73.8%
2025-12-13 09:53:13,428 Signal.train INFO: Best Rank-1: 76.2%
2025-12-13 09:53:13,428 Signal.train INFO: Best Rank-5: 86.1%
2025-12-13 09:53:13,428 Signal.train INFO: Best Rank-10: 90.1%
2025-12-13 09:53:13,428 Signal.train INFO: ~~~~~~~~~~~~~~~~~~~~~~~~~~~~~~~~~~~~~~~~~~~~~~~~~~
2025-12-13 09:53:17,036 Signal.train INFO: Epoch[10] Iteration[10/54] Loss: 0.501, Acc: 1.000, Base Lr: 3.17e-04
2025-12-13 09:53:19,918 Signal.train INFO: Epoch[10] Iteration[20/54] Loss: 0.508, Acc: 1.000, Base Lr: 3.17e-04
2025-12-13 09:53:22,794 Signal.train INFO: Epoch[10] Iteration[30/54] Loss: 0.520, Acc: 0.999, Base Lr: 3.17e-04
2025-12-13 09:53:25,652 Signal.train INFO: Epoch[10] Iteration[40/54] Loss: 0.514, Acc: 1.000, Base Lr: 3.17e-04
