2025-12-13 09:48:40,837 Signal INFO: Local GPU model: NVIDIA A100-SXM4-80GB, Torch version: 2.1.1+cu118,cuda:11.8
2025-12-13 09:48:40,837 Signal INFO: Saving model in the path :logs/Signal_ablation_xiaorong_20251213_094834/sign3_SIM_GAM_LAM/RGBNT201_all
2025-12-13 09:48:40,837 Signal INFO: Namespace(config_file='configs/RGBNT201/Signal.yml', fea_cft=0, opts=['MODEL.USE_A', 'True', 'MODEL.USE_B', 'True', 'MODEL.stageName', 'together_CLS_Patch', 'OUTPUT_DIR', 'logs/Signal_ablation_xiaorong_20251213_094834/sign3_SIM_GAM_LAM'], local_rank=0)
2025-12-13 09:48:40,838 Signal INFO: Loaded configuration file configs/RGBNT201/Signal.yml
2025-12-13 09:48:40,839 Signal INFO: 
MODEL:
  TRANSFORMER_TYPE: 'ViT-B-16'
  STRIDE_SIZE: [ 16, 16 ]
  SIE_CAMERA: True
  DIRECT: 1
  SIE_COE: 1.0
  ID_LOSS_WEIGHT: 0.25
  TRIPLET_LOSS_WEIGHT: 1.0
  Gram_Loss_weight: 0.2
  PAT_Loss_weight: 0.2
  USE_A: True
  TOPK: 80
  USE_B: True
  stageName: 'together_CLS_Patch'     # [CLS,  together_CLS_Patch]
  
  

INPUT:
  SIZE_TRAIN: [ 256, 128 ]
  SIZE_TEST: [ 256, 128 ]
  PROB: 0.5 # random horizontal flip
  RE_PROB: 0.5 # random erasing
  PADDING: 10

DATALOADER:
  SAMPLER: 'softmax_triplet'
  NUM_INSTANCE: 8
  NUM_WORKERS: 12

DATASETS:
  NAMES: ('RGBNT201')
  ROOT_DIR: '..'

SOLVER:
  BASE_LR: 0.00035
  WARMUP_ITERS: 10
  MAX_EPOCHS: 50
  OPTIMIZER_NAME: 'Adam'
  IMS_PER_BATCH: 64
  EVAL_PERIOD: 1

TEST:
  IMS_PER_BATCH: 128
  RE_RANKING: 'no'
  WEIGHT: ''
  NECK_FEAT: 'before'
  FEAT_NORM: 'yes'
  MISS: "nothing"

OUTPUT_DIR: '.'
ckpt_save_path: 'RGBNT201_all'
ckpt_test_path:  'test_RNT201'

2025-12-13 09:48:40,839 Signal INFO: Running with config:
DATALOADER:
  NUM_INSTANCE: 8
  NUM_WORKERS: 12
  SAMPLER: softmax_triplet
DATASETS:
  NAMES: RGBNT201
  ROOT_DIR: ..
INPUT:
  PADDING: 10
  PIXEL_MEAN: [0.5, 0.5, 0.5]
  PIXEL_STD: [0.5, 0.5, 0.5]
  PROB: 0.5
  RE_PROB: 0.5
  SIZE_TEST: [256, 128]
  SIZE_TRAIN: [256, 128]
MODEL:
  ADAPTER: False
  ATT_DROP_RATE: 0.0
  DEVICE: cuda
  DEVICE_ID: 0
  DIRECT: 1
  DIST_TRAIN: False
  DROP_OUT: 0.0
  DROP_PATH: 0.1
  FROZEN: False
  Gram_Loss_weight: 0.2
  ID_LOSS_TYPE: softmax
  ID_LOSS_WEIGHT: 0.25
  IF_LABELSMOOTH: on
  IF_WITH_CENTER: no
  METRIC_LOSS_TYPE: triplet
  MoE_Loss_weight: 0.1
  NAME: Signal
  NECK: bnneck
  NO_MARGIN: True
  PAT_Loss_weight: 0.2
  PRETRAIN_PATH_T: /path/to/your/vitb_16_224_21k.pth
  PROMPT: False
  SIE_CAMERA: True
  SIE_COE: 1.0
  SIE_VIEW: False
  STRIDE_SIZE: [16, 16]
  TOPK: 80
  TRANSFORMER_TYPE: ViT-B-16
  TRIPLET_LOSS_WEIGHT: 1.0
  USE_A: True
  USE_B: True
  stageName: together_CLS_Patch
OUTPUT_DIR: logs/Signal_ablation_xiaorong_20251213_094834/sign3_SIM_GAM_LAM
SOLVER:
  BASE_LR: 0.00035
  BIAS_LR_FACTOR: 2
  CENTER_LOSS_WEIGHT: 0.0005
  CENTER_LR: 0.5
  CHECKPOINT_PERIOD: 50
  CLUSTER_MARGIN: 0.3
  COSINE_MARGIN: 0.5
  COSINE_SCALE: 30
  EVAL_PERIOD: 1
  GAMMA: 0.1
  IMS_PER_BATCH: 64
  LARGE_FC_LR: False
  LOG_PERIOD: 10
  MARGIN: 0.3
  MAX_EPOCHS: 50
  MOMENTUM: 0.9
  OPTIMIZER_NAME: Adam
  RANGE_ALPHA: 0
  RANGE_BETA: 1
  RANGE_K: 2
  RANGE_LOSS_WEIGHT: 1
  RANGE_MARGIN: 0.3
  SEED: 1234
  STEPS: (40, 70)
  WARMUP_FACTOR: 0.01
  WARMUP_ITERS: 10
  WARMUP_METHOD: linear
  WEIGHT_DECAY: 0.0001
  WEIGHT_DECAY_BIAS: 0.0001
TEST:
  EVAL: False
  FEAT: 0
  FEAT_NORM: yes
  IMS_PER_BATCH: 128
  MISS: nothing
  NECK_FEAT: before
  RE_RANKING: no
  WEIGHT: 
ckpt_save_path: RGBNT201_all
ckpt_test_path: test_RNT201
=> RGBNT201 loaded
Dataset statistics:
  ----------------------------------------
  subset   | # ids | # images | # cameras
  ----------------------------------------
  train    |   171 |     3951 |         4
  query    |    30 |      836 |         2
  gallery  |    30 |      836 |         2
  ----------------------------------------
建立transformer............
using Transformer_type: ViT-B-16 as a backbone
model_path (abs): /raid/yij/icme/singlerelated/ViT-B-16.pt
Resized position embedding: %s to %s torch.Size([197, 768]) torch.Size([129, 768])
Position embedding resize to height:16 width: 8
Successfully load ckpt!
<All keys matched successfully>
Loading pretrained model from CLIP
camera number is : 4
===========Building Signal===========
2025-12-13 09:48:48,496 Signal INFO: Signal(
  (clip_vision_encoder): build_transformer(
    (base): VisionTransformer(
      (conv1): Conv2d(3, 768, kernel_size=(16, 16), stride=(16, 16), bias=False)
      (ln_pre): LayerNorm((768,), eps=1e-05, elementwise_affine=True)
      (transformer): Transformer(
        (resblocks): Sequential(
          (0): ResidualAttentionBlock(
            (attn): MultiheadAttention(
              (out_proj): NonDynamicallyQuantizableLinear(in_features=768, out_features=768, bias=True)
            )
            (ln_1): LayerNorm((768,), eps=1e-05, elementwise_affine=True)
            (mlp): Sequential(
              (c_fc): Linear(in_features=768, out_features=3072, bias=True)
              (gelu): QuickGELU()
              (c_proj): Linear(in_features=3072, out_features=768, bias=True)
            )
            (ln_2): LayerNorm((768,), eps=1e-05, elementwise_affine=True)
          )
          (1): ResidualAttentionBlock(
            (attn): MultiheadAttention(
              (out_proj): NonDynamicallyQuantizableLinear(in_features=768, out_features=768, bias=True)
            )
            (ln_1): LayerNorm((768,), eps=1e-05, elementwise_affine=True)
            (mlp): Sequential(
              (c_fc): Linear(in_features=768, out_features=3072, bias=True)
              (gelu): QuickGELU()
              (c_proj): Linear(in_features=3072, out_features=768, bias=True)
            )
            (ln_2): LayerNorm((768,), eps=1e-05, elementwise_affine=True)
          )
          (2): ResidualAttentionBlock(
            (attn): MultiheadAttention(
              (out_proj): NonDynamicallyQuantizableLinear(in_features=768, out_features=768, bias=True)
            )
            (ln_1): LayerNorm((768,), eps=1e-05, elementwise_affine=True)
            (mlp): Sequential(
              (c_fc): Linear(in_features=768, out_features=3072, bias=True)
              (gelu): QuickGELU()
              (c_proj): Linear(in_features=3072, out_features=768, bias=True)
            )
            (ln_2): LayerNorm((768,), eps=1e-05, elementwise_affine=True)
          )
          (3): ResidualAttentionBlock(
            (attn): MultiheadAttention(
              (out_proj): NonDynamicallyQuantizableLinear(in_features=768, out_features=768, bias=True)
            )
            (ln_1): LayerNorm((768,), eps=1e-05, elementwise_affine=True)
            (mlp): Sequential(
              (c_fc): Linear(in_features=768, out_features=3072, bias=True)
              (gelu): QuickGELU()
              (c_proj): Linear(in_features=3072, out_features=768, bias=True)
            )
            (ln_2): LayerNorm((768,), eps=1e-05, elementwise_affine=True)
          )
          (4): ResidualAttentionBlock(
            (attn): MultiheadAttention(
              (out_proj): NonDynamicallyQuantizableLinear(in_features=768, out_features=768, bias=True)
            )
            (ln_1): LayerNorm((768,), eps=1e-05, elementwise_affine=True)
            (mlp): Sequential(
              (c_fc): Linear(in_features=768, out_features=3072, bias=True)
              (gelu): QuickGELU()
              (c_proj): Linear(in_features=3072, out_features=768, bias=True)
            )
            (ln_2): LayerNorm((768,), eps=1e-05, elementwise_affine=True)
          )
          (5): ResidualAttentionBlock(
            (attn): MultiheadAttention(
              (out_proj): NonDynamicallyQuantizableLinear(in_features=768, out_features=768, bias=True)
            )
            (ln_1): LayerNorm((768,), eps=1e-05, elementwise_affine=True)
            (mlp): Sequential(
              (c_fc): Linear(in_features=768, out_features=3072, bias=True)
              (gelu): QuickGELU()
              (c_proj): Linear(in_features=3072, out_features=768, bias=True)
            )
            (ln_2): LayerNorm((768,), eps=1e-05, elementwise_affine=True)
          )
          (6): ResidualAttentionBlock(
            (attn): MultiheadAttention(
              (out_proj): NonDynamicallyQuantizableLinear(in_features=768, out_features=768, bias=True)
            )
            (ln_1): LayerNorm((768,), eps=1e-05, elementwise_affine=True)
            (mlp): Sequential(
              (c_fc): Linear(in_features=768, out_features=3072, bias=True)
              (gelu): QuickGELU()
              (c_proj): Linear(in_features=3072, out_features=768, bias=True)
            )
            (ln_2): LayerNorm((768,), eps=1e-05, elementwise_affine=True)
          )
          (7): ResidualAttentionBlock(
            (attn): MultiheadAttention(
              (out_proj): NonDynamicallyQuantizableLinear(in_features=768, out_features=768, bias=True)
            )
            (ln_1): LayerNorm((768,), eps=1e-05, elementwise_affine=True)
            (mlp): Sequential(
              (c_fc): Linear(in_features=768, out_features=3072, bias=True)
              (gelu): QuickGELU()
              (c_proj): Linear(in_features=3072, out_features=768, bias=True)
            )
            (ln_2): LayerNorm((768,), eps=1e-05, elementwise_affine=True)
          )
          (8): ResidualAttentionBlock(
            (attn): MultiheadAttention(
              (out_proj): NonDynamicallyQuantizableLinear(in_features=768, out_features=768, bias=True)
            )
            (ln_1): LayerNorm((768,), eps=1e-05, elementwise_affine=True)
            (mlp): Sequential(
              (c_fc): Linear(in_features=768, out_features=3072, bias=True)
              (gelu): QuickGELU()
              (c_proj): Linear(in_features=3072, out_features=768, bias=True)
            )
            (ln_2): LayerNorm((768,), eps=1e-05, elementwise_affine=True)
          )
          (9): ResidualAttentionBlock(
            (attn): MultiheadAttention(
              (out_proj): NonDynamicallyQuantizableLinear(in_features=768, out_features=768, bias=True)
            )
            (ln_1): LayerNorm((768,), eps=1e-05, elementwise_affine=True)
            (mlp): Sequential(
              (c_fc): Linear(in_features=768, out_features=3072, bias=True)
              (gelu): QuickGELU()
              (c_proj): Linear(in_features=3072, out_features=768, bias=True)
            )
            (ln_2): LayerNorm((768,), eps=1e-05, elementwise_affine=True)
          )
          (10): ResidualAttentionBlock(
            (attn): MultiheadAttention(
              (out_proj): NonDynamicallyQuantizableLinear(in_features=768, out_features=768, bias=True)
            )
            (ln_1): LayerNorm((768,), eps=1e-05, elementwise_affine=True)
            (mlp): Sequential(
              (c_fc): Linear(in_features=768, out_features=3072, bias=True)
              (gelu): QuickGELU()
              (c_proj): Linear(in_features=3072, out_features=768, bias=True)
            )
            (ln_2): LayerNorm((768,), eps=1e-05, elementwise_affine=True)
          )
          (11): ResidualAttentionBlock(
            (attn): MultiheadAttention(
              (out_proj): NonDynamicallyQuantizableLinear(in_features=768, out_features=768, bias=True)
            )
            (ln_1): LayerNorm((768,), eps=1e-05, elementwise_affine=True)
            (mlp): Sequential(
              (c_fc): Linear(in_features=768, out_features=3072, bias=True)
              (gelu): QuickGELU()
              (c_proj): Linear(in_features=3072, out_features=768, bias=True)
            )
            (ln_2): LayerNorm((768,), eps=1e-05, elementwise_affine=True)
          )
        )
      )
      (ln_post): LayerNorm((768,), eps=1e-05, elementwise_affine=True)
    )
  )
  (bottleneck): BatchNorm1d(1536, eps=1e-05, momentum=0.1, affine=True, track_running_stats=True)
  (classifier): Linear(in_features=1536, out_features=171, bias=False)
  (SIM): Select_Interactive_Module(
    (token_selection): TokenSelection(
      (W_q): Linear(in_features=512, out_features=512, bias=True)
      (W_k): Linear(in_features=512, out_features=512, bias=True)
      (W_v): Linear(in_features=512, out_features=512, bias=True)
    )
    (modal_interactive): ModalInteractive(
      (cross_attn): MultiheadAttention(
        (out_proj): NonDynamicallyQuantizableLinear(in_features=512, out_features=512, bias=True)
      )
      (ffn): Sequential(
        (0): Linear(in_features=512, out_features=1024, bias=True)
        (1): GELU(approximate='none')
        (2): Linear(in_features=1024, out_features=512, bias=True)
      )
      (norm1): LayerNorm((512,), eps=1e-05, elementwise_affine=True)
      (norm2): LayerNorm((512,), eps=1e-05, elementwise_affine=True)
    )
  )
  (classifier_var): Linear(in_features=1536, out_features=171, bias=False)
  (bottleneck_var): BatchNorm1d(1536, eps=1e-05, momentum=0.1, affine=True, track_running_stats=True)
  (AlignM): AlignmentM(
    (mse): MSELoss()
    (DAS_r): DA_sample(
      (conv_offset): Sequential(
        (0): Conv2d(512, 512, kernel_size=(1, 1), stride=(1, 1))
        (1): GELU(approximate='none')
        (2): Conv2d(512, 512, kernel_size=(4, 4), stride=(4, 4), groups=512)
        (3): GELU(approximate='none')
        (4): Conv2d(512, 1, kernel_size=(1, 1), stride=(1, 1), bias=False)
      )
      (proj_q): Conv2d(512, 512, kernel_size=(1, 1), stride=(1, 1))
    )
    (DAS_n): DA_sample(
      (conv_offset): Sequential(
        (0): Conv2d(512, 512, kernel_size=(1, 1), stride=(1, 1))
        (1): GELU(approximate='none')
        (2): Conv2d(512, 512, kernel_size=(4, 4), stride=(4, 4), groups=512)
        (3): GELU(approximate='none')
        (4): Conv2d(512, 1, kernel_size=(1, 1), stride=(1, 1), bias=False)
      )
      (proj_q): Conv2d(512, 512, kernel_size=(1, 1), stride=(1, 1))
    )
    (DAS_t): DA_sample(
      (conv_offset): Sequential(
        (0): Conv2d(512, 512, kernel_size=(1, 1), stride=(1, 1))
        (1): GELU(approximate='none')
        (2): Conv2d(512, 512, kernel_size=(4, 4), stride=(4, 4), groups=512)
        (3): GELU(approximate='none')
        (4): Conv2d(512, 1, kernel_size=(1, 1), stride=(1, 1), bias=False)
      )
      (proj_q): Conv2d(512, 512, kernel_size=(1, 1), stride=(1, 1))
    )
  )
)
2025-12-13 09:48:48,497 Signal INFO: number of parameters:91.166209
using soft triplet loss for training
label smooth on, numclasses: 171
2025-12-13 09:48:48,514 Signal.train INFO: start training
use CUDA cuda:0
<<<<<<<<<<<<<<<<<<<<<<<<<<<<<<<< Start Training >>>>>>>>>>>>>>>>>>>>>>>>>>>>>
2025-12-13 09:48:53,912 Signal.train INFO: Epoch[1] Iteration[10/54] Loss: 10.217, Acc: 0.002, Base Lr: 6.65e-05
2025-12-13 09:48:56,916 Signal.train INFO: Epoch[1] Iteration[20/54] Loss: 7.683, Acc: 0.014, Base Lr: 6.65e-05
2025-12-13 09:48:59,913 Signal.train INFO: Epoch[1] Iteration[30/54] Loss: 6.710, Acc: 0.021, Base Lr: 6.65e-05
2025-12-13 09:49:02,891 Signal.train INFO: Epoch[1] Iteration[40/54] Loss: 6.139, Acc: 0.043, Base Lr: 6.65e-05
2025-12-13 09:49:05,911 Signal.train INFO: Epoch[1] Iteration[50/54] Loss: 5.796, Acc: 0.054, Base Lr: 6.65e-05
2025-12-13 09:49:06,973 Signal.train INFO: Epoch 1 done. Time per batch: 0.348[s] Speed: 183.8[samples/s]
2025-12-13 09:49:06,975 Signal.train INFO: ~~~~~~~~~~~~~~~~~~~~~~~~~~~~~~~~~~~~~~~~~~~~~~~~~~
2025-12-13 09:49:06,975 Signal.train INFO: Current is the our feature testing!
2025-12-13 09:49:06,975 Signal.train INFO: ~~~~~~~~~~~~~~~~~~~~~~~~~~~~~~~~~~~~~~~~~~~~~~~~~~
The test feature is normalized
=> Computing DistMat with euclidean_distance
2025-12-13 09:49:17,759 Signal.train INFO: Validation Results - Epoch: 1
2025-12-13 09:49:17,760 Signal.train INFO: mAP: 33.6%
2025-12-13 09:49:17,760 Signal.train INFO: CMC curve, Rank-1  :33.5%
2025-12-13 09:49:17,761 Signal.train INFO: CMC curve, Rank-5  :48.4%
2025-12-13 09:49:17,761 Signal.train INFO: CMC curve, Rank-10 :58.6%
2025-12-13 09:49:17,761 Signal.train INFO: ~~~~~~~~~~~~~~~~~~~~~~~~~~~~~~~~~~~~~~~~~~~~~~~~~~
2025-12-13 09:49:24,263 Signal.train INFO: ~~~~~~~~~~~~~~~~~~~~~~~~~~~~~~~~~~~~~~~~~~~~~~~~~~
2025-12-13 09:49:24,264 Signal.train INFO: Best mAP: 33.6%
2025-12-13 09:49:24,264 Signal.train INFO: Best Rank-1: 33.5%
2025-12-13 09:49:24,264 Signal.train INFO: Best Rank-5: 48.4%
2025-12-13 09:49:24,264 Signal.train INFO: Best Rank-10: 58.6%
2025-12-13 09:49:24,264 Signal.train INFO: ~~~~~~~~~~~~~~~~~~~~~~~~~~~~~~~~~~~~~~~~~~~~~~~~~~
2025-12-13 09:49:27,891 Signal.train INFO: Epoch[2] Iteration[10/54] Loss: 4.202, Acc: 0.386, Base Lr: 9.80e-05
2025-12-13 09:49:30,920 Signal.train INFO: Epoch[2] Iteration[20/54] Loss: 4.072, Acc: 0.347, Base Lr: 9.80e-05
2025-12-13 09:49:33,922 Signal.train INFO: Epoch[2] Iteration[30/54] Loss: 3.967, Acc: 0.336, Base Lr: 9.80e-05
2025-12-13 09:49:36,967 Signal.train INFO: Epoch[2] Iteration[40/54] Loss: 3.858, Acc: 0.329, Base Lr: 9.80e-05
2025-12-13 09:49:40,019 Signal.train INFO: Epoch[2] Iteration[50/54] Loss: 3.753, Acc: 0.329, Base Lr: 9.80e-05
2025-12-13 09:49:41,056 Signal.train INFO: Epoch 2 done. Time per batch: 0.317[s] Speed: 202.0[samples/s]
2025-12-13 09:49:41,058 Signal.train INFO: ~~~~~~~~~~~~~~~~~~~~~~~~~~~~~~~~~~~~~~~~~~~~~~~~~~
2025-12-13 09:49:41,059 Signal.train INFO: Current is the our feature testing!
2025-12-13 09:49:41,059 Signal.train INFO: ~~~~~~~~~~~~~~~~~~~~~~~~~~~~~~~~~~~~~~~~~~~~~~~~~~
The test feature is normalized
=> Computing DistMat with euclidean_distance
2025-12-13 09:49:51,826 Signal.train INFO: Validation Results - Epoch: 2
2025-12-13 09:49:51,827 Signal.train INFO: mAP: 50.1%
2025-12-13 09:49:51,827 Signal.train INFO: CMC curve, Rank-1  :50.4%
2025-12-13 09:49:51,827 Signal.train INFO: CMC curve, Rank-5  :65.4%
2025-12-13 09:49:51,827 Signal.train INFO: CMC curve, Rank-10 :74.2%
2025-12-13 09:49:51,827 Signal.train INFO: ~~~~~~~~~~~~~~~~~~~~~~~~~~~~~~~~~~~~~~~~~~~~~~~~~~
2025-12-13 09:49:56,932 Signal.train INFO: ~~~~~~~~~~~~~~~~~~~~~~~~~~~~~~~~~~~~~~~~~~~~~~~~~~
2025-12-13 09:49:56,932 Signal.train INFO: Best mAP: 50.1%
2025-12-13 09:49:56,932 Signal.train INFO: Best Rank-1: 50.4%
2025-12-13 09:49:56,932 Signal.train INFO: Best Rank-5: 65.4%
2025-12-13 09:49:56,932 Signal.train INFO: Best Rank-10: 74.2%
2025-12-13 09:49:56,933 Signal.train INFO: ~~~~~~~~~~~~~~~~~~~~~~~~~~~~~~~~~~~~~~~~~~~~~~~~~~
2025-12-13 09:50:00,832 Signal.train INFO: Epoch[3] Iteration[10/54] Loss: 3.148, Acc: 0.670, Base Lr: 1.30e-04
2025-12-13 09:50:03,841 Signal.train INFO: Epoch[3] Iteration[20/54] Loss: 3.119, Acc: 0.622, Base Lr: 1.30e-04
2025-12-13 09:50:06,928 Signal.train INFO: Epoch[3] Iteration[30/54] Loss: 3.076, Acc: 0.605, Base Lr: 1.30e-04
2025-12-13 09:50:09,939 Signal.train INFO: Epoch[3] Iteration[40/54] Loss: 3.022, Acc: 0.572, Base Lr: 1.30e-04
2025-12-13 09:50:13,046 Signal.train INFO: Epoch[3] Iteration[50/54] Loss: 2.976, Acc: 0.579, Base Lr: 1.30e-04
2025-12-13 09:50:14,029 Signal.train INFO: Epoch 3 done. Time per batch: 0.323[s] Speed: 198.4[samples/s]
2025-12-13 09:50:14,031 Signal.train INFO: ~~~~~~~~~~~~~~~~~~~~~~~~~~~~~~~~~~~~~~~~~~~~~~~~~~
2025-12-13 09:50:14,031 Signal.train INFO: Current is the our feature testing!
2025-12-13 09:50:14,031 Signal.train INFO: ~~~~~~~~~~~~~~~~~~~~~~~~~~~~~~~~~~~~~~~~~~~~~~~~~~
The test feature is normalized
=> Computing DistMat with euclidean_distance
2025-12-13 09:50:24,782 Signal.train INFO: Validation Results - Epoch: 3
2025-12-13 09:50:24,783 Signal.train INFO: mAP: 71.6%
2025-12-13 09:50:24,783 Signal.train INFO: CMC curve, Rank-1  :75.8%
2025-12-13 09:50:24,783 Signal.train INFO: CMC curve, Rank-5  :87.3%
2025-12-13 09:50:24,783 Signal.train INFO: CMC curve, Rank-10 :91.9%
2025-12-13 09:50:24,783 Signal.train INFO: ~~~~~~~~~~~~~~~~~~~~~~~~~~~~~~~~~~~~~~~~~~~~~~~~~~
2025-12-13 09:50:29,354 Signal.train INFO: ~~~~~~~~~~~~~~~~~~~~~~~~~~~~~~~~~~~~~~~~~~~~~~~~~~
2025-12-13 09:50:29,355 Signal.train INFO: Best mAP: 71.6%
2025-12-13 09:50:29,355 Signal.train INFO: Best Rank-1: 75.8%
2025-12-13 09:50:29,355 Signal.train INFO: Best Rank-5: 87.3%
2025-12-13 09:50:29,355 Signal.train INFO: Best Rank-10: 91.9%
2025-12-13 09:50:29,355 Signal.train INFO: ~~~~~~~~~~~~~~~~~~~~~~~~~~~~~~~~~~~~~~~~~~~~~~~~~~
2025-12-13 09:50:33,133 Signal.train INFO: Epoch[4] Iteration[10/54] Loss: 2.412, Acc: 0.803, Base Lr: 1.61e-04
2025-12-13 09:50:36,160 Signal.train INFO: Epoch[4] Iteration[20/54] Loss: 2.282, Acc: 0.805, Base Lr: 1.61e-04
2025-12-13 09:50:39,173 Signal.train INFO: Epoch[4] Iteration[30/54] Loss: 2.261, Acc: 0.762, Base Lr: 1.61e-04
2025-12-13 09:50:42,184 Signal.train INFO: Epoch[4] Iteration[40/54] Loss: 2.201, Acc: 0.768, Base Lr: 1.61e-04
2025-12-13 09:50:45,221 Signal.train INFO: Epoch[4] Iteration[50/54] Loss: 2.160, Acc: 0.778, Base Lr: 1.61e-04
2025-12-13 09:50:46,210 Signal.train INFO: Epoch 4 done. Time per batch: 0.318[s] Speed: 201.3[samples/s]
2025-12-13 09:50:46,212 Signal.train INFO: ~~~~~~~~~~~~~~~~~~~~~~~~~~~~~~~~~~~~~~~~~~~~~~~~~~
2025-12-13 09:50:46,212 Signal.train INFO: Current is the our feature testing!
2025-12-13 09:50:46,212 Signal.train INFO: ~~~~~~~~~~~~~~~~~~~~~~~~~~~~~~~~~~~~~~~~~~~~~~~~~~
The test feature is normalized
=> Computing DistMat with euclidean_distance
2025-12-13 09:50:56,953 Signal.train INFO: Validation Results - Epoch: 4
2025-12-13 09:50:56,953 Signal.train INFO: mAP: 73.0%
2025-12-13 09:50:56,953 Signal.train INFO: CMC curve, Rank-1  :77.2%
2025-12-13 09:50:56,953 Signal.train INFO: CMC curve, Rank-5  :85.9%
2025-12-13 09:50:56,953 Signal.train INFO: CMC curve, Rank-10 :89.8%
2025-12-13 09:50:56,953 Signal.train INFO: ~~~~~~~~~~~~~~~~~~~~~~~~~~~~~~~~~~~~~~~~~~~~~~~~~~
2025-12-13 09:51:00,227 Signal.train INFO: ~~~~~~~~~~~~~~~~~~~~~~~~~~~~~~~~~~~~~~~~~~~~~~~~~~
2025-12-13 09:51:00,228 Signal.train INFO: Best mAP: 73.0%
2025-12-13 09:51:00,228 Signal.train INFO: Best Rank-1: 77.2%
2025-12-13 09:51:00,228 Signal.train INFO: Best Rank-5: 85.9%
2025-12-13 09:51:00,228 Signal.train INFO: Best Rank-10: 89.8%
2025-12-13 09:51:00,228 Signal.train INFO: ~~~~~~~~~~~~~~~~~~~~~~~~~~~~~~~~~~~~~~~~~~~~~~~~~~
2025-12-13 09:51:04,039 Signal.train INFO: Epoch[5] Iteration[10/54] Loss: 1.683, Acc: 0.878, Base Lr: 1.93e-04
2025-12-13 09:51:07,075 Signal.train INFO: Epoch[5] Iteration[20/54] Loss: 1.642, Acc: 0.862, Base Lr: 1.93e-04
2025-12-13 09:51:10,105 Signal.train INFO: Epoch[5] Iteration[30/54] Loss: 1.642, Acc: 0.804, Base Lr: 1.93e-04
2025-12-13 09:51:13,190 Signal.train INFO: Epoch[5] Iteration[40/54] Loss: 1.605, Acc: 0.813, Base Lr: 1.93e-04
2025-12-13 09:51:16,194 Signal.train INFO: Epoch[5] Iteration[50/54] Loss: 1.600, Acc: 0.803, Base Lr: 1.93e-04
2025-12-13 09:51:17,200 Signal.train INFO: Epoch 5 done. Time per batch: 0.320[s] Speed: 199.9[samples/s]
2025-12-13 09:51:17,240 Signal.train INFO: ~~~~~~~~~~~~~~~~~~~~~~~~~~~~~~~~~~~~~~~~~~~~~~~~~~
2025-12-13 09:51:17,240 Signal.train INFO: Current is the our feature testing!
2025-12-13 09:51:17,240 Signal.train INFO: ~~~~~~~~~~~~~~~~~~~~~~~~~~~~~~~~~~~~~~~~~~~~~~~~~~
The test feature is normalized
=> Computing DistMat with euclidean_distance
2025-12-13 09:51:27,947 Signal.train INFO: Validation Results - Epoch: 5
2025-12-13 09:51:27,947 Signal.train INFO: mAP: 72.5%
2025-12-13 09:51:27,947 Signal.train INFO: CMC curve, Rank-1  :76.0%
2025-12-13 09:51:27,948 Signal.train INFO: CMC curve, Rank-5  :86.4%
2025-12-13 09:51:27,948 Signal.train INFO: CMC curve, Rank-10 :90.9%
2025-12-13 09:51:27,948 Signal.train INFO: ~~~~~~~~~~~~~~~~~~~~~~~~~~~~~~~~~~~~~~~~~~~~~~~~~~
2025-12-13 09:51:27,989 Signal.train INFO: ~~~~~~~~~~~~~~~~~~~~~~~~~~~~~~~~~~~~~~~~~~~~~~~~~~
2025-12-13 09:51:27,989 Signal.train INFO: Best mAP: 73.0%
2025-12-13 09:51:27,989 Signal.train INFO: Best Rank-1: 77.2%
2025-12-13 09:51:27,989 Signal.train INFO: Best Rank-5: 85.9%
2025-12-13 09:51:27,990 Signal.train INFO: Best Rank-10: 89.8%
2025-12-13 09:51:27,990 Signal.train INFO: ~~~~~~~~~~~~~~~~~~~~~~~~~~~~~~~~~~~~~~~~~~~~~~~~~~
2025-12-13 09:51:31,701 Signal.train INFO: Epoch[6] Iteration[10/54] Loss: 1.225, Acc: 0.953, Base Lr: 2.24e-04
2025-12-13 09:51:34,706 Signal.train INFO: Epoch[6] Iteration[20/54] Loss: 1.229, Acc: 0.954, Base Lr: 2.24e-04
2025-12-13 09:51:37,807 Signal.train INFO: Epoch[6] Iteration[30/54] Loss: 1.186, Acc: 0.951, Base Lr: 2.24e-04
2025-12-13 09:51:40,864 Signal.train INFO: Epoch[6] Iteration[40/54] Loss: 1.176, Acc: 0.944, Base Lr: 2.24e-04
2025-12-13 09:51:43,881 Signal.train INFO: Epoch[6] Iteration[50/54] Loss: 1.158, Acc: 0.950, Base Lr: 2.24e-04
2025-12-13 09:51:44,868 Signal.train INFO: Epoch 6 done. Time per batch: 0.318[s] Speed: 201.0[samples/s]
2025-12-13 09:51:44,870 Signal.train INFO: ~~~~~~~~~~~~~~~~~~~~~~~~~~~~~~~~~~~~~~~~~~~~~~~~~~
2025-12-13 09:51:44,870 Signal.train INFO: Current is the our feature testing!
2025-12-13 09:51:44,870 Signal.train INFO: ~~~~~~~~~~~~~~~~~~~~~~~~~~~~~~~~~~~~~~~~~~~~~~~~~~
The test feature is normalized
=> Computing DistMat with euclidean_distance
2025-12-13 09:51:55,678 Signal.train INFO: Validation Results - Epoch: 6
2025-12-13 09:51:55,678 Signal.train INFO: mAP: 71.9%
2025-12-13 09:51:55,678 Signal.train INFO: CMC curve, Rank-1  :74.0%
2025-12-13 09:51:55,678 Signal.train INFO: CMC curve, Rank-5  :82.5%
2025-12-13 09:51:55,678 Signal.train INFO: CMC curve, Rank-10 :88.0%
2025-12-13 09:51:55,678 Signal.train INFO: ~~~~~~~~~~~~~~~~~~~~~~~~~~~~~~~~~~~~~~~~~~~~~~~~~~
2025-12-13 09:51:55,718 Signal.train INFO: ~~~~~~~~~~~~~~~~~~~~~~~~~~~~~~~~~~~~~~~~~~~~~~~~~~
2025-12-13 09:51:55,718 Signal.train INFO: Best mAP: 73.0%
2025-12-13 09:51:55,718 Signal.train INFO: Best Rank-1: 77.2%
2025-12-13 09:51:55,718 Signal.train INFO: Best Rank-5: 85.9%
2025-12-13 09:51:55,719 Signal.train INFO: Best Rank-10: 89.8%
2025-12-13 09:51:55,719 Signal.train INFO: ~~~~~~~~~~~~~~~~~~~~~~~~~~~~~~~~~~~~~~~~~~~~~~~~~~
2025-12-13 09:51:59,501 Signal.train INFO: Epoch[7] Iteration[10/54] Loss: 0.952, Acc: 0.981, Base Lr: 2.55e-04
2025-12-13 09:52:02,516 Signal.train INFO: Epoch[7] Iteration[20/54] Loss: 0.956, Acc: 0.988, Base Lr: 2.55e-04
2025-12-13 09:52:05,737 Signal.train INFO: Epoch[7] Iteration[30/54] Loss: 0.958, Acc: 0.987, Base Lr: 2.55e-04
2025-12-13 09:52:08,758 Signal.train INFO: Epoch[7] Iteration[40/54] Loss: 0.941, Acc: 0.989, Base Lr: 2.55e-04
2025-12-13 09:52:11,769 Signal.train INFO: Epoch[7] Iteration[50/54] Loss: 0.946, Acc: 0.991, Base Lr: 2.55e-04
2025-12-13 09:52:12,749 Signal.train INFO: Epoch 7 done. Time per batch: 0.321[s] Speed: 199.2[samples/s]
2025-12-13 09:52:12,751 Signal.train INFO: ~~~~~~~~~~~~~~~~~~~~~~~~~~~~~~~~~~~~~~~~~~~~~~~~~~
2025-12-13 09:52:12,752 Signal.train INFO: Current is the our feature testing!
2025-12-13 09:52:12,752 Signal.train INFO: ~~~~~~~~~~~~~~~~~~~~~~~~~~~~~~~~~~~~~~~~~~~~~~~~~~
The test feature is normalized
=> Computing DistMat with euclidean_distance
2025-12-13 09:52:23,606 Signal.train INFO: Validation Results - Epoch: 7
2025-12-13 09:52:23,607 Signal.train INFO: mAP: 71.4%
2025-12-13 09:52:23,607 Signal.train INFO: CMC curve, Rank-1  :73.6%
2025-12-13 09:52:23,607 Signal.train INFO: CMC curve, Rank-5  :82.3%
2025-12-13 09:52:23,607 Signal.train INFO: CMC curve, Rank-10 :87.4%
2025-12-13 09:52:23,607 Signal.train INFO: ~~~~~~~~~~~~~~~~~~~~~~~~~~~~~~~~~~~~~~~~~~~~~~~~~~
2025-12-13 09:52:23,650 Signal.train INFO: ~~~~~~~~~~~~~~~~~~~~~~~~~~~~~~~~~~~~~~~~~~~~~~~~~~
2025-12-13 09:52:23,651 Signal.train INFO: Best mAP: 73.0%
2025-12-13 09:52:23,651 Signal.train INFO: Best Rank-1: 77.2%
2025-12-13 09:52:23,651 Signal.train INFO: Best Rank-5: 85.9%
2025-12-13 09:52:23,651 Signal.train INFO: Best Rank-10: 89.8%
2025-12-13 09:52:23,651 Signal.train INFO: ~~~~~~~~~~~~~~~~~~~~~~~~~~~~~~~~~~~~~~~~~~~~~~~~~~
2025-12-13 09:52:27,354 Signal.train INFO: Epoch[8] Iteration[10/54] Loss: 0.878, Acc: 0.994, Base Lr: 2.87e-04
2025-12-13 09:52:30,373 Signal.train INFO: Epoch[8] Iteration[20/54] Loss: 0.882, Acc: 0.996, Base Lr: 2.87e-04
2025-12-13 09:52:33,531 Signal.train INFO: Epoch[8] Iteration[30/54] Loss: 0.870, Acc: 0.997, Base Lr: 2.87e-04
2025-12-13 09:52:36,560 Signal.train INFO: Epoch[8] Iteration[40/54] Loss: 0.864, Acc: 0.998, Base Lr: 2.87e-04
2025-12-13 09:52:39,589 Signal.train INFO: Epoch[8] Iteration[50/54] Loss: 0.861, Acc: 0.998, Base Lr: 2.87e-04
2025-12-13 09:52:40,569 Signal.train INFO: Epoch 8 done. Time per batch: 0.319[s] Speed: 200.5[samples/s]
2025-12-13 09:52:40,572 Signal.train INFO: ~~~~~~~~~~~~~~~~~~~~~~~~~~~~~~~~~~~~~~~~~~~~~~~~~~
2025-12-13 09:52:40,572 Signal.train INFO: Current is the our feature testing!
2025-12-13 09:52:40,572 Signal.train INFO: ~~~~~~~~~~~~~~~~~~~~~~~~~~~~~~~~~~~~~~~~~~~~~~~~~~
The test feature is normalized
=> Computing DistMat with euclidean_distance
2025-12-13 09:52:51,499 Signal.train INFO: Validation Results - Epoch: 8
2025-12-13 09:52:51,500 Signal.train INFO: mAP: 74.1%
2025-12-13 09:52:51,500 Signal.train INFO: CMC curve, Rank-1  :78.2%
2025-12-13 09:52:51,500 Signal.train INFO: CMC curve, Rank-5  :86.5%
2025-12-13 09:52:51,500 Signal.train INFO: CMC curve, Rank-10 :90.1%
2025-12-13 09:52:51,500 Signal.train INFO: ~~~~~~~~~~~~~~~~~~~~~~~~~~~~~~~~~~~~~~~~~~~~~~~~~~
2025-12-13 09:52:54,770 Signal.train INFO: ~~~~~~~~~~~~~~~~~~~~~~~~~~~~~~~~~~~~~~~~~~~~~~~~~~
2025-12-13 09:52:54,771 Signal.train INFO: Best mAP: 74.1%
2025-12-13 09:52:54,771 Signal.train INFO: Best Rank-1: 78.2%
2025-12-13 09:52:54,771 Signal.train INFO: Best Rank-5: 86.5%
2025-12-13 09:52:54,771 Signal.train INFO: Best Rank-10: 90.1%
2025-12-13 09:52:54,771 Signal.train INFO: ~~~~~~~~~~~~~~~~~~~~~~~~~~~~~~~~~~~~~~~~~~~~~~~~~~
2025-12-13 09:52:58,506 Signal.train INFO: Epoch[9] Iteration[10/54] Loss: 0.821, Acc: 0.998, Base Lr: 3.18e-04
2025-12-13 09:53:01,549 Signal.train INFO: Epoch[9] Iteration[20/54] Loss: 0.812, Acc: 0.999, Base Lr: 3.18e-04
2025-12-13 09:53:04,599 Signal.train INFO: Epoch[9] Iteration[30/54] Loss: 0.812, Acc: 0.999, Base Lr: 3.18e-04
2025-12-13 09:53:07,662 Signal.train INFO: Epoch[9] Iteration[40/54] Loss: 0.808, Acc: 1.000, Base Lr: 3.18e-04
2025-12-13 09:53:10,735 Signal.train INFO: Epoch[9] Iteration[50/54] Loss: 0.804, Acc: 0.999, Base Lr: 3.18e-04
2025-12-13 09:53:11,714 Signal.train INFO: Epoch 9 done. Time per batch: 0.320[s] Speed: 200.2[samples/s]
2025-12-13 09:53:11,716 Signal.train INFO: ~~~~~~~~~~~~~~~~~~~~~~~~~~~~~~~~~~~~~~~~~~~~~~~~~~
2025-12-13 09:53:11,716 Signal.train INFO: Current is the our feature testing!
2025-12-13 09:53:11,716 Signal.train INFO: ~~~~~~~~~~~~~~~~~~~~~~~~~~~~~~~~~~~~~~~~~~~~~~~~~~
The test feature is normalized
=> Computing DistMat with euclidean_distance
2025-12-13 09:53:22,473 Signal.train INFO: Validation Results - Epoch: 9
2025-12-13 09:53:22,474 Signal.train INFO: mAP: 74.9%
2025-12-13 09:53:22,474 Signal.train INFO: CMC curve, Rank-1  :78.9%
2025-12-13 09:53:22,474 Signal.train INFO: CMC curve, Rank-5  :86.8%
2025-12-13 09:53:22,474 Signal.train INFO: CMC curve, Rank-10 :91.0%
2025-12-13 09:53:22,474 Signal.train INFO: ~~~~~~~~~~~~~~~~~~~~~~~~~~~~~~~~~~~~~~~~~~~~~~~~~~
2025-12-13 09:53:25,761 Signal.train INFO: ~~~~~~~~~~~~~~~~~~~~~~~~~~~~~~~~~~~~~~~~~~~~~~~~~~
2025-12-13 09:53:25,761 Signal.train INFO: Best mAP: 74.9%
2025-12-13 09:53:25,761 Signal.train INFO: Best Rank-1: 78.9%
2025-12-13 09:53:25,761 Signal.train INFO: Best Rank-5: 86.8%
2025-12-13 09:53:25,761 Signal.train INFO: Best Rank-10: 91.0%
2025-12-13 09:53:25,761 Signal.train INFO: ~~~~~~~~~~~~~~~~~~~~~~~~~~~~~~~~~~~~~~~~~~~~~~~~~~
