2025-12-13 09:48:40,837 Signal INFO: Local GPU model: NVIDIA A100-SXM4-80GB, Torch version: 2.1.1+cu118,cuda:11.8
2025-12-13 09:48:40,837 Signal INFO: Saving model in the path :logs/Signal_ablation_xiaorong_20251213_094834/sign3_SIM_GAM/RGBNT201_all
2025-12-13 09:48:40,837 Signal INFO: Namespace(config_file='configs/RGBNT201/Signal.yml', fea_cft=0, opts=['MODEL.USE_A', 'True', 'MODEL.USE_B', 'True', 'MODEL.stageName', 'CLS', 'OUTPUT_DIR', 'logs/Signal_ablation_xiaorong_20251213_094834/sign3_SIM_GAM'], local_rank=0)
2025-12-13 09:48:40,837 Signal INFO: Loaded configuration file configs/RGBNT201/Signal.yml
2025-12-13 09:48:40,839 Signal INFO: 
MODEL:
  TRANSFORMER_TYPE: 'ViT-B-16'
  STRIDE_SIZE: [ 16, 16 ]
  SIE_CAMERA: True
  DIRECT: 1
  SIE_COE: 1.0
  ID_LOSS_WEIGHT: 0.25
  TRIPLET_LOSS_WEIGHT: 1.0
  Gram_Loss_weight: 0.2
  PAT_Loss_weight: 0.2
  USE_A: True
  TOPK: 80
  USE_B: True
  stageName: 'together_CLS_Patch'     # [CLS,  together_CLS_Patch]
  
  

INPUT:
  SIZE_TRAIN: [ 256, 128 ]
  SIZE_TEST: [ 256, 128 ]
  PROB: 0.5 # random horizontal flip
  RE_PROB: 0.5 # random erasing
  PADDING: 10

DATALOADER:
  SAMPLER: 'softmax_triplet'
  NUM_INSTANCE: 8
  NUM_WORKERS: 12

DATASETS:
  NAMES: ('RGBNT201')
  ROOT_DIR: '..'

SOLVER:
  BASE_LR: 0.00035
  WARMUP_ITERS: 10
  MAX_EPOCHS: 50
  OPTIMIZER_NAME: 'Adam'
  IMS_PER_BATCH: 64
  EVAL_PERIOD: 1

TEST:
  IMS_PER_BATCH: 128
  RE_RANKING: 'no'
  WEIGHT: ''
  NECK_FEAT: 'before'
  FEAT_NORM: 'yes'
  MISS: "nothing"

OUTPUT_DIR: '.'
ckpt_save_path: 'RGBNT201_all'
ckpt_test_path:  'test_RNT201'

2025-12-13 09:48:40,839 Signal INFO: Running with config:
DATALOADER:
  NUM_INSTANCE: 8
  NUM_WORKERS: 12
  SAMPLER: softmax_triplet
DATASETS:
  NAMES: RGBNT201
  ROOT_DIR: ..
INPUT:
  PADDING: 10
  PIXEL_MEAN: [0.5, 0.5, 0.5]
  PIXEL_STD: [0.5, 0.5, 0.5]
  PROB: 0.5
  RE_PROB: 0.5
  SIZE_TEST: [256, 128]
  SIZE_TRAIN: [256, 128]
MODEL:
  ADAPTER: False
  ATT_DROP_RATE: 0.0
  DEVICE: cuda
  DEVICE_ID: 0
  DIRECT: 1
  DIST_TRAIN: False
  DROP_OUT: 0.0
  DROP_PATH: 0.1
  FROZEN: False
  Gram_Loss_weight: 0.2
  ID_LOSS_TYPE: softmax
  ID_LOSS_WEIGHT: 0.25
  IF_LABELSMOOTH: on
  IF_WITH_CENTER: no
  METRIC_LOSS_TYPE: triplet
  MoE_Loss_weight: 0.1
  NAME: Signal
  NECK: bnneck
  NO_MARGIN: True
  PAT_Loss_weight: 0.2
  PRETRAIN_PATH_T: /path/to/your/vitb_16_224_21k.pth
  PROMPT: False
  SIE_CAMERA: True
  SIE_COE: 1.0
  SIE_VIEW: False
  STRIDE_SIZE: [16, 16]
  TOPK: 80
  TRANSFORMER_TYPE: ViT-B-16
  TRIPLET_LOSS_WEIGHT: 1.0
  USE_A: True
  USE_B: True
  stageName: CLS
OUTPUT_DIR: logs/Signal_ablation_xiaorong_20251213_094834/sign3_SIM_GAM
SOLVER:
  BASE_LR: 0.00035
  BIAS_LR_FACTOR: 2
  CENTER_LOSS_WEIGHT: 0.0005
  CENTER_LR: 0.5
  CHECKPOINT_PERIOD: 50
  CLUSTER_MARGIN: 0.3
  COSINE_MARGIN: 0.5
  COSINE_SCALE: 30
  EVAL_PERIOD: 1
  GAMMA: 0.1
  IMS_PER_BATCH: 64
  LARGE_FC_LR: False
  LOG_PERIOD: 10
  MARGIN: 0.3
  MAX_EPOCHS: 50
  MOMENTUM: 0.9
  OPTIMIZER_NAME: Adam
  RANGE_ALPHA: 0
  RANGE_BETA: 1
  RANGE_K: 2
  RANGE_LOSS_WEIGHT: 1
  RANGE_MARGIN: 0.3
  SEED: 1234
  STEPS: (40, 70)
  WARMUP_FACTOR: 0.01
  WARMUP_ITERS: 10
  WARMUP_METHOD: linear
  WEIGHT_DECAY: 0.0001
  WEIGHT_DECAY_BIAS: 0.0001
TEST:
  EVAL: False
  FEAT: 0
  FEAT_NORM: yes
  IMS_PER_BATCH: 128
  MISS: nothing
  NECK_FEAT: before
  RE_RANKING: no
  WEIGHT: 
ckpt_save_path: RGBNT201_all
ckpt_test_path: test_RNT201
=> RGBNT201 loaded
Dataset statistics:
  ----------------------------------------
  subset   | # ids | # images | # cameras
  ----------------------------------------
  train    |   171 |     3951 |         4
  query    |    30 |      836 |         2
  gallery  |    30 |      836 |         2
  ----------------------------------------
建立transformer............
using Transformer_type: ViT-B-16 as a backbone
model_path (abs): /raid/yij/icme/singlerelated/ViT-B-16.pt
Resized position embedding: %s to %s torch.Size([197, 768]) torch.Size([129, 768])
Position embedding resize to height:16 width: 8
Successfully load ckpt!
<All keys matched successfully>
Loading pretrained model from CLIP
camera number is : 4
===========Building Signal===========
2025-12-13 09:48:48,495 Signal INFO: Signal(
  (clip_vision_encoder): build_transformer(
    (base): VisionTransformer(
      (conv1): Conv2d(3, 768, kernel_size=(16, 16), stride=(16, 16), bias=False)
      (ln_pre): LayerNorm((768,), eps=1e-05, elementwise_affine=True)
      (transformer): Transformer(
        (resblocks): Sequential(
          (0): ResidualAttentionBlock(
            (attn): MultiheadAttention(
              (out_proj): NonDynamicallyQuantizableLinear(in_features=768, out_features=768, bias=True)
            )
            (ln_1): LayerNorm((768,), eps=1e-05, elementwise_affine=True)
            (mlp): Sequential(
              (c_fc): Linear(in_features=768, out_features=3072, bias=True)
              (gelu): QuickGELU()
              (c_proj): Linear(in_features=3072, out_features=768, bias=True)
            )
            (ln_2): LayerNorm((768,), eps=1e-05, elementwise_affine=True)
          )
          (1): ResidualAttentionBlock(
            (attn): MultiheadAttention(
              (out_proj): NonDynamicallyQuantizableLinear(in_features=768, out_features=768, bias=True)
            )
            (ln_1): LayerNorm((768,), eps=1e-05, elementwise_affine=True)
            (mlp): Sequential(
              (c_fc): Linear(in_features=768, out_features=3072, bias=True)
              (gelu): QuickGELU()
              (c_proj): Linear(in_features=3072, out_features=768, bias=True)
            )
            (ln_2): LayerNorm((768,), eps=1e-05, elementwise_affine=True)
          )
          (2): ResidualAttentionBlock(
            (attn): MultiheadAttention(
              (out_proj): NonDynamicallyQuantizableLinear(in_features=768, out_features=768, bias=True)
            )
            (ln_1): LayerNorm((768,), eps=1e-05, elementwise_affine=True)
            (mlp): Sequential(
              (c_fc): Linear(in_features=768, out_features=3072, bias=True)
              (gelu): QuickGELU()
              (c_proj): Linear(in_features=3072, out_features=768, bias=True)
            )
            (ln_2): LayerNorm((768,), eps=1e-05, elementwise_affine=True)
          )
          (3): ResidualAttentionBlock(
            (attn): MultiheadAttention(
              (out_proj): NonDynamicallyQuantizableLinear(in_features=768, out_features=768, bias=True)
            )
            (ln_1): LayerNorm((768,), eps=1e-05, elementwise_affine=True)
            (mlp): Sequential(
              (c_fc): Linear(in_features=768, out_features=3072, bias=True)
              (gelu): QuickGELU()
              (c_proj): Linear(in_features=3072, out_features=768, bias=True)
            )
            (ln_2): LayerNorm((768,), eps=1e-05, elementwise_affine=True)
          )
          (4): ResidualAttentionBlock(
            (attn): MultiheadAttention(
              (out_proj): NonDynamicallyQuantizableLinear(in_features=768, out_features=768, bias=True)
            )
            (ln_1): LayerNorm((768,), eps=1e-05, elementwise_affine=True)
            (mlp): Sequential(
              (c_fc): Linear(in_features=768, out_features=3072, bias=True)
              (gelu): QuickGELU()
              (c_proj): Linear(in_features=3072, out_features=768, bias=True)
            )
            (ln_2): LayerNorm((768,), eps=1e-05, elementwise_affine=True)
          )
          (5): ResidualAttentionBlock(
            (attn): MultiheadAttention(
              (out_proj): NonDynamicallyQuantizableLinear(in_features=768, out_features=768, bias=True)
            )
            (ln_1): LayerNorm((768,), eps=1e-05, elementwise_affine=True)
            (mlp): Sequential(
              (c_fc): Linear(in_features=768, out_features=3072, bias=True)
              (gelu): QuickGELU()
              (c_proj): Linear(in_features=3072, out_features=768, bias=True)
            )
            (ln_2): LayerNorm((768,), eps=1e-05, elementwise_affine=True)
          )
          (6): ResidualAttentionBlock(
            (attn): MultiheadAttention(
              (out_proj): NonDynamicallyQuantizableLinear(in_features=768, out_features=768, bias=True)
            )
            (ln_1): LayerNorm((768,), eps=1e-05, elementwise_affine=True)
            (mlp): Sequential(
              (c_fc): Linear(in_features=768, out_features=3072, bias=True)
              (gelu): QuickGELU()
              (c_proj): Linear(in_features=3072, out_features=768, bias=True)
            )
            (ln_2): LayerNorm((768,), eps=1e-05, elementwise_affine=True)
          )
          (7): ResidualAttentionBlock(
            (attn): MultiheadAttention(
              (out_proj): NonDynamicallyQuantizableLinear(in_features=768, out_features=768, bias=True)
            )
            (ln_1): LayerNorm((768,), eps=1e-05, elementwise_affine=True)
            (mlp): Sequential(
              (c_fc): Linear(in_features=768, out_features=3072, bias=True)
              (gelu): QuickGELU()
              (c_proj): Linear(in_features=3072, out_features=768, bias=True)
            )
            (ln_2): LayerNorm((768,), eps=1e-05, elementwise_affine=True)
          )
          (8): ResidualAttentionBlock(
            (attn): MultiheadAttention(
              (out_proj): NonDynamicallyQuantizableLinear(in_features=768, out_features=768, bias=True)
            )
            (ln_1): LayerNorm((768,), eps=1e-05, elementwise_affine=True)
            (mlp): Sequential(
              (c_fc): Linear(in_features=768, out_features=3072, bias=True)
              (gelu): QuickGELU()
              (c_proj): Linear(in_features=3072, out_features=768, bias=True)
            )
            (ln_2): LayerNorm((768,), eps=1e-05, elementwise_affine=True)
          )
          (9): ResidualAttentionBlock(
            (attn): MultiheadAttention(
              (out_proj): NonDynamicallyQuantizableLinear(in_features=768, out_features=768, bias=True)
            )
            (ln_1): LayerNorm((768,), eps=1e-05, elementwise_affine=True)
            (mlp): Sequential(
              (c_fc): Linear(in_features=768, out_features=3072, bias=True)
              (gelu): QuickGELU()
              (c_proj): Linear(in_features=3072, out_features=768, bias=True)
            )
            (ln_2): LayerNorm((768,), eps=1e-05, elementwise_affine=True)
          )
          (10): ResidualAttentionBlock(
            (attn): MultiheadAttention(
              (out_proj): NonDynamicallyQuantizableLinear(in_features=768, out_features=768, bias=True)
            )
            (ln_1): LayerNorm((768,), eps=1e-05, elementwise_affine=True)
            (mlp): Sequential(
              (c_fc): Linear(in_features=768, out_features=3072, bias=True)
              (gelu): QuickGELU()
              (c_proj): Linear(in_features=3072, out_features=768, bias=True)
            )
            (ln_2): LayerNorm((768,), eps=1e-05, elementwise_affine=True)
          )
          (11): ResidualAttentionBlock(
            (attn): MultiheadAttention(
              (out_proj): NonDynamicallyQuantizableLinear(in_features=768, out_features=768, bias=True)
            )
            (ln_1): LayerNorm((768,), eps=1e-05, elementwise_affine=True)
            (mlp): Sequential(
              (c_fc): Linear(in_features=768, out_features=3072, bias=True)
              (gelu): QuickGELU()
              (c_proj): Linear(in_features=3072, out_features=768, bias=True)
            )
            (ln_2): LayerNorm((768,), eps=1e-05, elementwise_affine=True)
          )
        )
      )
      (ln_post): LayerNorm((768,), eps=1e-05, elementwise_affine=True)
    )
  )
  (bottleneck): BatchNorm1d(1536, eps=1e-05, momentum=0.1, affine=True, track_running_stats=True)
  (classifier): Linear(in_features=1536, out_features=171, bias=False)
  (SIM): Select_Interactive_Module(
    (token_selection): TokenSelection(
      (W_q): Linear(in_features=512, out_features=512, bias=True)
      (W_k): Linear(in_features=512, out_features=512, bias=True)
      (W_v): Linear(in_features=512, out_features=512, bias=True)
    )
    (modal_interactive): ModalInteractive(
      (cross_attn): MultiheadAttention(
        (out_proj): NonDynamicallyQuantizableLinear(in_features=512, out_features=512, bias=True)
      )
      (ffn): Sequential(
        (0): Linear(in_features=512, out_features=1024, bias=True)
        (1): GELU(approximate='none')
        (2): Linear(in_features=1024, out_features=512, bias=True)
      )
      (norm1): LayerNorm((512,), eps=1e-05, elementwise_affine=True)
      (norm2): LayerNorm((512,), eps=1e-05, elementwise_affine=True)
    )
  )
  (classifier_var): Linear(in_features=1536, out_features=171, bias=False)
  (bottleneck_var): BatchNorm1d(1536, eps=1e-05, momentum=0.1, affine=True, track_running_stats=True)
  (AlignM): AlignmentM(
    (mse): MSELoss()
    (DAS_r): DA_sample(
      (conv_offset): Sequential(
        (0): Conv2d(512, 512, kernel_size=(1, 1), stride=(1, 1))
        (1): GELU(approximate='none')
        (2): Conv2d(512, 512, kernel_size=(4, 4), stride=(4, 4), groups=512)
        (3): GELU(approximate='none')
        (4): Conv2d(512, 1, kernel_size=(1, 1), stride=(1, 1), bias=False)
      )
      (proj_q): Conv2d(512, 512, kernel_size=(1, 1), stride=(1, 1))
    )
    (DAS_n): DA_sample(
      (conv_offset): Sequential(
        (0): Conv2d(512, 512, kernel_size=(1, 1), stride=(1, 1))
        (1): GELU(approximate='none')
        (2): Conv2d(512, 512, kernel_size=(4, 4), stride=(4, 4), groups=512)
        (3): GELU(approximate='none')
        (4): Conv2d(512, 1, kernel_size=(1, 1), stride=(1, 1), bias=False)
      )
      (proj_q): Conv2d(512, 512, kernel_size=(1, 1), stride=(1, 1))
    )
    (DAS_t): DA_sample(
      (conv_offset): Sequential(
        (0): Conv2d(512, 512, kernel_size=(1, 1), stride=(1, 1))
        (1): GELU(approximate='none')
        (2): Conv2d(512, 512, kernel_size=(4, 4), stride=(4, 4), groups=512)
        (3): GELU(approximate='none')
        (4): Conv2d(512, 1, kernel_size=(1, 1), stride=(1, 1), bias=False)
      )
      (proj_q): Conv2d(512, 512, kernel_size=(1, 1), stride=(1, 1))
    )
  )
)
2025-12-13 09:48:48,496 Signal INFO: number of parameters:91.166209
using soft triplet loss for training
label smooth on, numclasses: 171
2025-12-13 09:48:48,512 Signal.train INFO: start training
use CUDA cuda:0
<<<<<<<<<<<<<<<<<<<<<<<<<<<<<<<< Start Training >>>>>>>>>>>>>>>>>>>>>>>>>>>>>
2025-12-13 09:48:53,354 Signal.train INFO: Epoch[1] Iteration[10/54] Loss: 10.201, Acc: 0.002, Base Lr: 6.65e-05
2025-12-13 09:48:56,269 Signal.train INFO: Epoch[1] Iteration[20/54] Loss: 7.671, Acc: 0.013, Base Lr: 6.65e-05
2025-12-13 09:48:59,177 Signal.train INFO: Epoch[1] Iteration[30/54] Loss: 6.700, Acc: 0.020, Base Lr: 6.65e-05
2025-12-13 09:49:02,059 Signal.train INFO: Epoch[1] Iteration[40/54] Loss: 6.126, Acc: 0.041, Base Lr: 6.65e-05
2025-12-13 09:49:04,991 Signal.train INFO: Epoch[1] Iteration[50/54] Loss: 5.783, Acc: 0.051, Base Lr: 6.65e-05
2025-12-13 09:49:05,942 Signal.train INFO: Epoch 1 done. Time per batch: 0.329[s] Speed: 194.7[samples/s]
2025-12-13 09:49:05,943 Signal.train INFO: ~~~~~~~~~~~~~~~~~~~~~~~~~~~~~~~~~~~~~~~~~~~~~~~~~~
2025-12-13 09:49:05,943 Signal.train INFO: Current is the our feature testing!
2025-12-13 09:49:05,943 Signal.train INFO: ~~~~~~~~~~~~~~~~~~~~~~~~~~~~~~~~~~~~~~~~~~~~~~~~~~
The test feature is normalized
=> Computing DistMat with euclidean_distance
2025-12-13 09:49:16,739 Signal.train INFO: Validation Results - Epoch: 1
2025-12-13 09:49:16,739 Signal.train INFO: mAP: 33.5%
2025-12-13 09:49:16,740 Signal.train INFO: CMC curve, Rank-1  :33.0%
2025-12-13 09:49:16,740 Signal.train INFO: CMC curve, Rank-5  :48.2%
2025-12-13 09:49:16,740 Signal.train INFO: CMC curve, Rank-10 :58.5%
2025-12-13 09:49:16,740 Signal.train INFO: ~~~~~~~~~~~~~~~~~~~~~~~~~~~~~~~~~~~~~~~~~~~~~~~~~~
2025-12-13 09:49:23,524 Signal.train INFO: ~~~~~~~~~~~~~~~~~~~~~~~~~~~~~~~~~~~~~~~~~~~~~~~~~~
2025-12-13 09:49:23,524 Signal.train INFO: Best mAP: 33.5%
2025-12-13 09:49:23,524 Signal.train INFO: Best Rank-1: 33.0%
2025-12-13 09:49:23,524 Signal.train INFO: Best Rank-5: 48.2%
2025-12-13 09:49:23,525 Signal.train INFO: Best Rank-10: 58.5%
2025-12-13 09:49:23,525 Signal.train INFO: ~~~~~~~~~~~~~~~~~~~~~~~~~~~~~~~~~~~~~~~~~~~~~~~~~~
2025-12-13 09:49:27,154 Signal.train INFO: Epoch[2] Iteration[10/54] Loss: 4.092, Acc: 0.372, Base Lr: 9.80e-05
2025-12-13 09:49:30,103 Signal.train INFO: Epoch[2] Iteration[20/54] Loss: 3.924, Acc: 0.339, Base Lr: 9.80e-05
2025-12-13 09:49:32,989 Signal.train INFO: Epoch[2] Iteration[30/54] Loss: 3.791, Acc: 0.328, Base Lr: 9.80e-05
2025-12-13 09:49:35,886 Signal.train INFO: Epoch[2] Iteration[40/54] Loss: 3.698, Acc: 0.329, Base Lr: 9.80e-05
2025-12-13 09:49:38,817 Signal.train INFO: Epoch[2] Iteration[50/54] Loss: 3.630, Acc: 0.330, Base Lr: 9.80e-05
2025-12-13 09:49:39,736 Signal.train INFO: Epoch 2 done. Time per batch: 0.306[s] Speed: 209.2[samples/s]
2025-12-13 09:49:39,772 Signal.train INFO: ~~~~~~~~~~~~~~~~~~~~~~~~~~~~~~~~~~~~~~~~~~~~~~~~~~
2025-12-13 09:49:39,772 Signal.train INFO: Current is the our feature testing!
2025-12-13 09:49:39,773 Signal.train INFO: ~~~~~~~~~~~~~~~~~~~~~~~~~~~~~~~~~~~~~~~~~~~~~~~~~~
The test feature is normalized
=> Computing DistMat with euclidean_distance
2025-12-13 09:49:50,444 Signal.train INFO: Validation Results - Epoch: 2
2025-12-13 09:49:50,445 Signal.train INFO: mAP: 49.5%
2025-12-13 09:49:50,445 Signal.train INFO: CMC curve, Rank-1  :52.0%
2025-12-13 09:49:50,445 Signal.train INFO: CMC curve, Rank-5  :67.5%
2025-12-13 09:49:50,445 Signal.train INFO: CMC curve, Rank-10 :74.5%
2025-12-13 09:49:50,445 Signal.train INFO: ~~~~~~~~~~~~~~~~~~~~~~~~~~~~~~~~~~~~~~~~~~~~~~~~~~
2025-12-13 09:49:55,615 Signal.train INFO: ~~~~~~~~~~~~~~~~~~~~~~~~~~~~~~~~~~~~~~~~~~~~~~~~~~
2025-12-13 09:49:55,615 Signal.train INFO: Best mAP: 49.5%
2025-12-13 09:49:55,616 Signal.train INFO: Best Rank-1: 52.0%
2025-12-13 09:49:55,616 Signal.train INFO: Best Rank-5: 67.5%
2025-12-13 09:49:55,616 Signal.train INFO: Best Rank-10: 74.5%
2025-12-13 09:49:55,616 Signal.train INFO: ~~~~~~~~~~~~~~~~~~~~~~~~~~~~~~~~~~~~~~~~~~~~~~~~~~
2025-12-13 09:49:59,382 Signal.train INFO: Epoch[3] Iteration[10/54] Loss: 3.143, Acc: 0.672, Base Lr: 1.30e-04
2025-12-13 09:50:02,292 Signal.train INFO: Epoch[3] Iteration[20/54] Loss: 3.118, Acc: 0.627, Base Lr: 1.30e-04
2025-12-13 09:50:05,187 Signal.train INFO: Epoch[3] Iteration[30/54] Loss: 3.095, Acc: 0.598, Base Lr: 1.30e-04
2025-12-13 09:50:08,139 Signal.train INFO: Epoch[3] Iteration[40/54] Loss: 3.007, Acc: 0.568, Base Lr: 1.30e-04
2025-12-13 09:50:11,056 Signal.train INFO: Epoch[3] Iteration[50/54] Loss: 2.952, Acc: 0.572, Base Lr: 1.30e-04
2025-12-13 09:50:12,003 Signal.train INFO: Epoch 3 done. Time per batch: 0.309[s] Speed: 207.0[samples/s]
2025-12-13 09:50:12,005 Signal.train INFO: ~~~~~~~~~~~~~~~~~~~~~~~~~~~~~~~~~~~~~~~~~~~~~~~~~~
2025-12-13 09:50:12,006 Signal.train INFO: Current is the our feature testing!
2025-12-13 09:50:12,006 Signal.train INFO: ~~~~~~~~~~~~~~~~~~~~~~~~~~~~~~~~~~~~~~~~~~~~~~~~~~
The test feature is normalized
=> Computing DistMat with euclidean_distance
2025-12-13 09:50:22,586 Signal.train INFO: Validation Results - Epoch: 3
2025-12-13 09:50:22,586 Signal.train INFO: mAP: 72.2%
2025-12-13 09:50:22,586 Signal.train INFO: CMC curve, Rank-1  :76.3%
2025-12-13 09:50:22,586 Signal.train INFO: CMC curve, Rank-5  :86.5%
2025-12-13 09:50:22,586 Signal.train INFO: CMC curve, Rank-10 :90.6%
2025-12-13 09:50:22,586 Signal.train INFO: ~~~~~~~~~~~~~~~~~~~~~~~~~~~~~~~~~~~~~~~~~~~~~~~~~~
2025-12-13 09:50:26,857 Signal.train INFO: ~~~~~~~~~~~~~~~~~~~~~~~~~~~~~~~~~~~~~~~~~~~~~~~~~~
2025-12-13 09:50:26,857 Signal.train INFO: Best mAP: 72.2%
2025-12-13 09:50:26,857 Signal.train INFO: Best Rank-1: 76.3%
2025-12-13 09:50:26,857 Signal.train INFO: Best Rank-5: 86.5%
2025-12-13 09:50:26,857 Signal.train INFO: Best Rank-10: 90.6%
2025-12-13 09:50:26,857 Signal.train INFO: ~~~~~~~~~~~~~~~~~~~~~~~~~~~~~~~~~~~~~~~~~~~~~~~~~~
2025-12-13 09:50:30,552 Signal.train INFO: Epoch[4] Iteration[10/54] Loss: 2.332, Acc: 0.808, Base Lr: 1.61e-04
2025-12-13 09:50:33,486 Signal.train INFO: Epoch[4] Iteration[20/54] Loss: 2.240, Acc: 0.803, Base Lr: 1.61e-04
2025-12-13 09:50:36,414 Signal.train INFO: Epoch[4] Iteration[30/54] Loss: 2.224, Acc: 0.754, Base Lr: 1.61e-04
2025-12-13 09:50:39,354 Signal.train INFO: Epoch[4] Iteration[40/54] Loss: 2.176, Acc: 0.767, Base Lr: 1.61e-04
2025-12-13 09:50:42,259 Signal.train INFO: Epoch[4] Iteration[50/54] Loss: 2.137, Acc: 0.777, Base Lr: 1.61e-04
2025-12-13 09:50:43,182 Signal.train INFO: Epoch 4 done. Time per batch: 0.308[s] Speed: 207.8[samples/s]
2025-12-13 09:50:43,184 Signal.train INFO: ~~~~~~~~~~~~~~~~~~~~~~~~~~~~~~~~~~~~~~~~~~~~~~~~~~
2025-12-13 09:50:43,184 Signal.train INFO: Current is the our feature testing!
2025-12-13 09:50:43,184 Signal.train INFO: ~~~~~~~~~~~~~~~~~~~~~~~~~~~~~~~~~~~~~~~~~~~~~~~~~~
The test feature is normalized
=> Computing DistMat with euclidean_distance
2025-12-13 09:50:53,649 Signal.train INFO: Validation Results - Epoch: 4
2025-12-13 09:50:53,649 Signal.train INFO: mAP: 67.2%
2025-12-13 09:50:53,649 Signal.train INFO: CMC curve, Rank-1  :67.6%
2025-12-13 09:50:53,649 Signal.train INFO: CMC curve, Rank-5  :80.5%
2025-12-13 09:50:53,649 Signal.train INFO: CMC curve, Rank-10 :86.8%
2025-12-13 09:50:53,649 Signal.train INFO: ~~~~~~~~~~~~~~~~~~~~~~~~~~~~~~~~~~~~~~~~~~~~~~~~~~
2025-12-13 09:50:53,691 Signal.train INFO: ~~~~~~~~~~~~~~~~~~~~~~~~~~~~~~~~~~~~~~~~~~~~~~~~~~
2025-12-13 09:50:53,691 Signal.train INFO: Best mAP: 72.2%
2025-12-13 09:50:53,691 Signal.train INFO: Best Rank-1: 76.3%
2025-12-13 09:50:53,692 Signal.train INFO: Best Rank-5: 86.5%
2025-12-13 09:50:53,692 Signal.train INFO: Best Rank-10: 90.6%
2025-12-13 09:50:53,692 Signal.train INFO: ~~~~~~~~~~~~~~~~~~~~~~~~~~~~~~~~~~~~~~~~~~~~~~~~~~
2025-12-13 09:50:57,309 Signal.train INFO: Epoch[5] Iteration[10/54] Loss: 1.688, Acc: 0.887, Base Lr: 1.93e-04
2025-12-13 09:51:00,240 Signal.train INFO: Epoch[5] Iteration[20/54] Loss: 1.669, Acc: 0.863, Base Lr: 1.93e-04
2025-12-13 09:51:03,209 Signal.train INFO: Epoch[5] Iteration[30/54] Loss: 1.665, Acc: 0.808, Base Lr: 1.93e-04
2025-12-13 09:51:06,149 Signal.train INFO: Epoch[5] Iteration[40/54] Loss: 1.617, Acc: 0.814, Base Lr: 1.93e-04
2025-12-13 09:51:09,077 Signal.train INFO: Epoch[5] Iteration[50/54] Loss: 1.613, Acc: 0.801, Base Lr: 1.93e-04
2025-12-13 09:51:10,006 Signal.train INFO: Epoch 5 done. Time per batch: 0.308[s] Speed: 207.9[samples/s]
2025-12-13 09:51:10,008 Signal.train INFO: ~~~~~~~~~~~~~~~~~~~~~~~~~~~~~~~~~~~~~~~~~~~~~~~~~~
2025-12-13 09:51:10,008 Signal.train INFO: Current is the our feature testing!
2025-12-13 09:51:10,008 Signal.train INFO: ~~~~~~~~~~~~~~~~~~~~~~~~~~~~~~~~~~~~~~~~~~~~~~~~~~
The test feature is normalized
=> Computing DistMat with euclidean_distance
2025-12-13 09:51:20,682 Signal.train INFO: Validation Results - Epoch: 5
2025-12-13 09:51:20,682 Signal.train INFO: mAP: 70.9%
2025-12-13 09:51:20,682 Signal.train INFO: CMC curve, Rank-1  :73.1%
2025-12-13 09:51:20,682 Signal.train INFO: CMC curve, Rank-5  :86.4%
2025-12-13 09:51:20,682 Signal.train INFO: CMC curve, Rank-10 :91.5%
2025-12-13 09:51:20,683 Signal.train INFO: ~~~~~~~~~~~~~~~~~~~~~~~~~~~~~~~~~~~~~~~~~~~~~~~~~~
2025-12-13 09:51:20,725 Signal.train INFO: ~~~~~~~~~~~~~~~~~~~~~~~~~~~~~~~~~~~~~~~~~~~~~~~~~~
2025-12-13 09:51:20,725 Signal.train INFO: Best mAP: 72.2%
2025-12-13 09:51:20,725 Signal.train INFO: Best Rank-1: 76.3%
2025-12-13 09:51:20,725 Signal.train INFO: Best Rank-5: 86.5%
2025-12-13 09:51:20,725 Signal.train INFO: Best Rank-10: 90.6%
2025-12-13 09:51:20,725 Signal.train INFO: ~~~~~~~~~~~~~~~~~~~~~~~~~~~~~~~~~~~~~~~~~~~~~~~~~~
2025-12-13 09:51:24,219 Signal.train INFO: Epoch[6] Iteration[10/54] Loss: 1.237, Acc: 0.955, Base Lr: 2.24e-04
2025-12-13 09:51:27,152 Signal.train INFO: Epoch[6] Iteration[20/54] Loss: 1.248, Acc: 0.957, Base Lr: 2.24e-04
2025-12-13 09:51:30,128 Signal.train INFO: Epoch[6] Iteration[30/54] Loss: 1.192, Acc: 0.954, Base Lr: 2.24e-04
2025-12-13 09:51:33,086 Signal.train INFO: Epoch[6] Iteration[40/54] Loss: 1.187, Acc: 0.948, Base Lr: 2.24e-04
2025-12-13 09:51:36,033 Signal.train INFO: Epoch[6] Iteration[50/54] Loss: 1.169, Acc: 0.952, Base Lr: 2.24e-04
2025-12-13 09:51:37,000 Signal.train INFO: Epoch 6 done. Time per batch: 0.307[s] Speed: 208.4[samples/s]
2025-12-13 09:51:37,002 Signal.train INFO: ~~~~~~~~~~~~~~~~~~~~~~~~~~~~~~~~~~~~~~~~~~~~~~~~~~
2025-12-13 09:51:37,002 Signal.train INFO: Current is the our feature testing!
2025-12-13 09:51:37,003 Signal.train INFO: ~~~~~~~~~~~~~~~~~~~~~~~~~~~~~~~~~~~~~~~~~~~~~~~~~~
The test feature is normalized
=> Computing DistMat with euclidean_distance
2025-12-13 09:51:47,637 Signal.train INFO: Validation Results - Epoch: 6
2025-12-13 09:51:47,637 Signal.train INFO: mAP: 67.5%
2025-12-13 09:51:47,637 Signal.train INFO: CMC curve, Rank-1  :68.1%
2025-12-13 09:51:47,638 Signal.train INFO: CMC curve, Rank-5  :79.2%
2025-12-13 09:51:47,638 Signal.train INFO: CMC curve, Rank-10 :86.1%
2025-12-13 09:51:47,638 Signal.train INFO: ~~~~~~~~~~~~~~~~~~~~~~~~~~~~~~~~~~~~~~~~~~~~~~~~~~
2025-12-13 09:51:47,681 Signal.train INFO: ~~~~~~~~~~~~~~~~~~~~~~~~~~~~~~~~~~~~~~~~~~~~~~~~~~
2025-12-13 09:51:47,681 Signal.train INFO: Best mAP: 72.2%
2025-12-13 09:51:47,681 Signal.train INFO: Best Rank-1: 76.3%
2025-12-13 09:51:47,681 Signal.train INFO: Best Rank-5: 86.5%
2025-12-13 09:51:47,681 Signal.train INFO: Best Rank-10: 90.6%
2025-12-13 09:51:47,681 Signal.train INFO: ~~~~~~~~~~~~~~~~~~~~~~~~~~~~~~~~~~~~~~~~~~~~~~~~~~
2025-12-13 09:51:51,184 Signal.train INFO: Epoch[7] Iteration[10/54] Loss: 0.942, Acc: 0.984, Base Lr: 2.55e-04
2025-12-13 09:51:54,136 Signal.train INFO: Epoch[7] Iteration[20/54] Loss: 0.946, Acc: 0.990, Base Lr: 2.55e-04
2025-12-13 09:51:57,077 Signal.train INFO: Epoch[7] Iteration[30/54] Loss: 0.951, Acc: 0.989, Base Lr: 2.55e-04
2025-12-13 09:52:00,000 Signal.train INFO: Epoch[7] Iteration[40/54] Loss: 0.936, Acc: 0.991, Base Lr: 2.55e-04
2025-12-13 09:52:02,937 Signal.train INFO: Epoch[7] Iteration[50/54] Loss: 0.941, Acc: 0.992, Base Lr: 2.55e-04
2025-12-13 09:52:03,891 Signal.train INFO: Epoch 7 done. Time per batch: 0.306[s] Speed: 209.3[samples/s]
2025-12-13 09:52:03,927 Signal.train INFO: ~~~~~~~~~~~~~~~~~~~~~~~~~~~~~~~~~~~~~~~~~~~~~~~~~~
2025-12-13 09:52:03,927 Signal.train INFO: Current is the our feature testing!
2025-12-13 09:52:03,927 Signal.train INFO: ~~~~~~~~~~~~~~~~~~~~~~~~~~~~~~~~~~~~~~~~~~~~~~~~~~
The test feature is normalized
=> Computing DistMat with euclidean_distance
2025-12-13 09:52:14,514 Signal.train INFO: Validation Results - Epoch: 7
2025-12-13 09:52:14,515 Signal.train INFO: mAP: 68.1%
2025-12-13 09:52:14,515 Signal.train INFO: CMC curve, Rank-1  :67.8%
2025-12-13 09:52:14,515 Signal.train INFO: CMC curve, Rank-5  :77.6%
2025-12-13 09:52:14,515 Signal.train INFO: CMC curve, Rank-10 :85.8%
2025-12-13 09:52:14,515 Signal.train INFO: ~~~~~~~~~~~~~~~~~~~~~~~~~~~~~~~~~~~~~~~~~~~~~~~~~~
2025-12-13 09:52:14,558 Signal.train INFO: ~~~~~~~~~~~~~~~~~~~~~~~~~~~~~~~~~~~~~~~~~~~~~~~~~~
2025-12-13 09:52:14,558 Signal.train INFO: Best mAP: 72.2%
2025-12-13 09:52:14,558 Signal.train INFO: Best Rank-1: 76.3%
2025-12-13 09:52:14,558 Signal.train INFO: Best Rank-5: 86.5%
2025-12-13 09:52:14,558 Signal.train INFO: Best Rank-10: 90.6%
2025-12-13 09:52:14,558 Signal.train INFO: ~~~~~~~~~~~~~~~~~~~~~~~~~~~~~~~~~~~~~~~~~~~~~~~~~~
2025-12-13 09:52:18,284 Signal.train INFO: Epoch[8] Iteration[10/54] Loss: 0.870, Acc: 0.994, Base Lr: 2.87e-04
2025-12-13 09:52:21,247 Signal.train INFO: Epoch[8] Iteration[20/54] Loss: 0.867, Acc: 0.995, Base Lr: 2.87e-04
2025-12-13 09:52:24,168 Signal.train INFO: Epoch[8] Iteration[30/54] Loss: 0.856, Acc: 0.997, Base Lr: 2.87e-04
2025-12-13 09:52:27,149 Signal.train INFO: Epoch[8] Iteration[40/54] Loss: 0.851, Acc: 0.997, Base Lr: 2.87e-04
2025-12-13 09:52:30,104 Signal.train INFO: Epoch[8] Iteration[50/54] Loss: 0.847, Acc: 0.997, Base Lr: 2.87e-04
2025-12-13 09:52:31,081 Signal.train INFO: Epoch 8 done. Time per batch: 0.312[s] Speed: 205.3[samples/s]
2025-12-13 09:52:31,083 Signal.train INFO: ~~~~~~~~~~~~~~~~~~~~~~~~~~~~~~~~~~~~~~~~~~~~~~~~~~
2025-12-13 09:52:31,084 Signal.train INFO: Current is the our feature testing!
2025-12-13 09:52:31,084 Signal.train INFO: ~~~~~~~~~~~~~~~~~~~~~~~~~~~~~~~~~~~~~~~~~~~~~~~~~~
The test feature is normalized
=> Computing DistMat with euclidean_distance
2025-12-13 09:52:41,905 Signal.train INFO: Validation Results - Epoch: 8
2025-12-13 09:52:41,906 Signal.train INFO: mAP: 70.2%
2025-12-13 09:52:41,906 Signal.train INFO: CMC curve, Rank-1  :71.8%
2025-12-13 09:52:41,906 Signal.train INFO: CMC curve, Rank-5  :81.9%
2025-12-13 09:52:41,906 Signal.train INFO: CMC curve, Rank-10 :88.4%
2025-12-13 09:52:41,906 Signal.train INFO: ~~~~~~~~~~~~~~~~~~~~~~~~~~~~~~~~~~~~~~~~~~~~~~~~~~
2025-12-13 09:52:41,949 Signal.train INFO: ~~~~~~~~~~~~~~~~~~~~~~~~~~~~~~~~~~~~~~~~~~~~~~~~~~
2025-12-13 09:52:41,949 Signal.train INFO: Best mAP: 72.2%
2025-12-13 09:52:41,949 Signal.train INFO: Best Rank-1: 76.3%
2025-12-13 09:52:41,949 Signal.train INFO: Best Rank-5: 86.5%
2025-12-13 09:52:41,949 Signal.train INFO: Best Rank-10: 90.6%
2025-12-13 09:52:41,950 Signal.train INFO: ~~~~~~~~~~~~~~~~~~~~~~~~~~~~~~~~~~~~~~~~~~~~~~~~~~
2025-12-13 09:52:45,440 Signal.train INFO: Epoch[9] Iteration[10/54] Loss: 0.827, Acc: 0.998, Base Lr: 3.18e-04
2025-12-13 09:52:48,386 Signal.train INFO: Epoch[9] Iteration[20/54] Loss: 0.809, Acc: 0.999, Base Lr: 3.18e-04
2025-12-13 09:52:51,327 Signal.train INFO: Epoch[9] Iteration[30/54] Loss: 0.806, Acc: 0.999, Base Lr: 3.18e-04
2025-12-13 09:52:54,324 Signal.train INFO: Epoch[9] Iteration[40/54] Loss: 0.801, Acc: 0.999, Base Lr: 3.18e-04
2025-12-13 09:52:57,370 Signal.train INFO: Epoch[9] Iteration[50/54] Loss: 0.797, Acc: 0.999, Base Lr: 3.18e-04
2025-12-13 09:52:58,321 Signal.train INFO: Epoch 9 done. Time per batch: 0.309[s] Speed: 207.2[samples/s]
2025-12-13 09:52:58,323 Signal.train INFO: ~~~~~~~~~~~~~~~~~~~~~~~~~~~~~~~~~~~~~~~~~~~~~~~~~~
2025-12-13 09:52:58,323 Signal.train INFO: Current is the our feature testing!
2025-12-13 09:52:58,323 Signal.train INFO: ~~~~~~~~~~~~~~~~~~~~~~~~~~~~~~~~~~~~~~~~~~~~~~~~~~
The test feature is normalized
=> Computing DistMat with euclidean_distance
2025-12-13 09:53:08,971 Signal.train INFO: Validation Results - Epoch: 9
2025-12-13 09:53:08,971 Signal.train INFO: mAP: 69.2%
2025-12-13 09:53:08,971 Signal.train INFO: CMC curve, Rank-1  :71.8%
2025-12-13 09:53:08,971 Signal.train INFO: CMC curve, Rank-5  :79.5%
2025-12-13 09:53:08,972 Signal.train INFO: CMC curve, Rank-10 :85.6%
2025-12-13 09:53:08,972 Signal.train INFO: ~~~~~~~~~~~~~~~~~~~~~~~~~~~~~~~~~~~~~~~~~~~~~~~~~~
2025-12-13 09:53:09,014 Signal.train INFO: ~~~~~~~~~~~~~~~~~~~~~~~~~~~~~~~~~~~~~~~~~~~~~~~~~~
2025-12-13 09:53:09,014 Signal.train INFO: Best mAP: 72.2%
2025-12-13 09:53:09,014 Signal.train INFO: Best Rank-1: 76.3%
2025-12-13 09:53:09,014 Signal.train INFO: Best Rank-5: 86.5%
2025-12-13 09:53:09,014 Signal.train INFO: Best Rank-10: 90.6%
2025-12-13 09:53:09,014 Signal.train INFO: ~~~~~~~~~~~~~~~~~~~~~~~~~~~~~~~~~~~~~~~~~~~~~~~~~~
2025-12-13 09:53:12,682 Signal.train INFO: Epoch[10] Iteration[10/54] Loss: 0.763, Acc: 1.000, Base Lr: 3.17e-04
2025-12-13 09:53:15,659 Signal.train INFO: Epoch[10] Iteration[20/54] Loss: 0.770, Acc: 1.000, Base Lr: 3.17e-04
2025-12-13 09:53:18,640 Signal.train INFO: Epoch[10] Iteration[30/54] Loss: 0.777, Acc: 0.999, Base Lr: 3.17e-04
2025-12-13 09:53:21,578 Signal.train INFO: Epoch[10] Iteration[40/54] Loss: 0.773, Acc: 1.000, Base Lr: 3.17e-04
2025-12-13 09:53:24,512 Signal.train INFO: Epoch[10] Iteration[50/54] Loss: 0.772, Acc: 1.000, Base Lr: 3.17e-04
2025-12-13 09:53:25,449 Signal.train INFO: Epoch 10 done. Time per batch: 0.310[s] Speed: 206.4[samples/s]
2025-12-13 09:53:25,527 Signal.train INFO: ~~~~~~~~~~~~~~~~~~~~~~~~~~~~~~~~~~~~~~~~~~~~~~~~~~
2025-12-13 09:53:25,528 Signal.train INFO: Current is the our feature testing!
2025-12-13 09:53:25,528 Signal.train INFO: ~~~~~~~~~~~~~~~~~~~~~~~~~~~~~~~~~~~~~~~~~~~~~~~~~~
