2025-12-13 09:48:40,834 Signal INFO: Local GPU model: NVIDIA A100-SXM4-80GB, Torch version: 2.1.1+cu118,cuda:11.8
2025-12-13 09:48:40,834 Signal INFO: Saving model in the path :logs/Signal_ablation_xiaorong_20251213_094834/sign1_baseline/RGBNT201_all
2025-12-13 09:48:40,834 Signal INFO: Namespace(config_file='configs/RGBNT201/Signal.yml', fea_cft=0, opts=['MODEL.USE_A', 'False', 'MODEL.USE_B', 'False', 'OUTPUT_DIR', 'logs/Signal_ablation_xiaorong_20251213_094834/sign1_baseline'], local_rank=0)
2025-12-13 09:48:40,834 Signal INFO: Loaded configuration file configs/RGBNT201/Signal.yml
2025-12-13 09:48:40,839 Signal INFO: 
MODEL:
  TRANSFORMER_TYPE: 'ViT-B-16'
  STRIDE_SIZE: [ 16, 16 ]
  SIE_CAMERA: True
  DIRECT: 1
  SIE_COE: 1.0
  ID_LOSS_WEIGHT: 0.25
  TRIPLET_LOSS_WEIGHT: 1.0
  Gram_Loss_weight: 0.2
  PAT_Loss_weight: 0.2
  USE_A: True
  TOPK: 80
  USE_B: True
  stageName: 'together_CLS_Patch'     # [CLS,  together_CLS_Patch]
  
  

INPUT:
  SIZE_TRAIN: [ 256, 128 ]
  SIZE_TEST: [ 256, 128 ]
  PROB: 0.5 # random horizontal flip
  RE_PROB: 0.5 # random erasing
  PADDING: 10

DATALOADER:
  SAMPLER: 'softmax_triplet'
  NUM_INSTANCE: 8
  NUM_WORKERS: 12

DATASETS:
  NAMES: ('RGBNT201')
  ROOT_DIR: '..'

SOLVER:
  BASE_LR: 0.00035
  WARMUP_ITERS: 10
  MAX_EPOCHS: 50
  OPTIMIZER_NAME: 'Adam'
  IMS_PER_BATCH: 64
  EVAL_PERIOD: 1

TEST:
  IMS_PER_BATCH: 128
  RE_RANKING: 'no'
  WEIGHT: ''
  NECK_FEAT: 'before'
  FEAT_NORM: 'yes'
  MISS: "nothing"

OUTPUT_DIR: '.'
ckpt_save_path: 'RGBNT201_all'
ckpt_test_path:  'test_RNT201'

2025-12-13 09:48:40,839 Signal INFO: Running with config:
DATALOADER:
  NUM_INSTANCE: 8
  NUM_WORKERS: 12
  SAMPLER: softmax_triplet
DATASETS:
  NAMES: RGBNT201
  ROOT_DIR: ..
INPUT:
  PADDING: 10
  PIXEL_MEAN: [0.5, 0.5, 0.5]
  PIXEL_STD: [0.5, 0.5, 0.5]
  PROB: 0.5
  RE_PROB: 0.5
  SIZE_TEST: [256, 128]
  SIZE_TRAIN: [256, 128]
MODEL:
  ADAPTER: False
  ATT_DROP_RATE: 0.0
  DEVICE: cuda
  DEVICE_ID: 0
  DIRECT: 1
  DIST_TRAIN: False
  DROP_OUT: 0.0
  DROP_PATH: 0.1
  FROZEN: False
  Gram_Loss_weight: 0.2
  ID_LOSS_TYPE: softmax
  ID_LOSS_WEIGHT: 0.25
  IF_LABELSMOOTH: on
  IF_WITH_CENTER: no
  METRIC_LOSS_TYPE: triplet
  MoE_Loss_weight: 0.1
  NAME: Signal
  NECK: bnneck
  NO_MARGIN: True
  PAT_Loss_weight: 0.2
  PRETRAIN_PATH_T: /path/to/your/vitb_16_224_21k.pth
  PROMPT: False
  SIE_CAMERA: True
  SIE_COE: 1.0
  SIE_VIEW: False
  STRIDE_SIZE: [16, 16]
  TOPK: 80
  TRANSFORMER_TYPE: ViT-B-16
  TRIPLET_LOSS_WEIGHT: 1.0
  USE_A: False
  USE_B: False
  stageName: together_CLS_Patch
OUTPUT_DIR: logs/Signal_ablation_xiaorong_20251213_094834/sign1_baseline
SOLVER:
  BASE_LR: 0.00035
  BIAS_LR_FACTOR: 2
  CENTER_LOSS_WEIGHT: 0.0005
  CENTER_LR: 0.5
  CHECKPOINT_PERIOD: 50
  CLUSTER_MARGIN: 0.3
  COSINE_MARGIN: 0.5
  COSINE_SCALE: 30
  EVAL_PERIOD: 1
  GAMMA: 0.1
  IMS_PER_BATCH: 64
  LARGE_FC_LR: False
  LOG_PERIOD: 10
  MARGIN: 0.3
  MAX_EPOCHS: 50
  MOMENTUM: 0.9
  OPTIMIZER_NAME: Adam
  RANGE_ALPHA: 0
  RANGE_BETA: 1
  RANGE_K: 2
  RANGE_LOSS_WEIGHT: 1
  RANGE_MARGIN: 0.3
  SEED: 1234
  STEPS: (40, 70)
  WARMUP_FACTOR: 0.01
  WARMUP_ITERS: 10
  WARMUP_METHOD: linear
  WEIGHT_DECAY: 0.0001
  WEIGHT_DECAY_BIAS: 0.0001
TEST:
  EVAL: False
  FEAT: 0
  FEAT_NORM: yes
  IMS_PER_BATCH: 128
  MISS: nothing
  NECK_FEAT: before
  RE_RANKING: no
  WEIGHT: 
ckpt_save_path: RGBNT201_all
ckpt_test_path: test_RNT201
=> RGBNT201 loaded
Dataset statistics:
  ----------------------------------------
  subset   | # ids | # images | # cameras
  ----------------------------------------
  train    |   171 |     3951 |         4
  query    |    30 |      836 |         2
  gallery  |    30 |      836 |         2
  ----------------------------------------
建立transformer............
using Transformer_type: ViT-B-16 as a backbone
model_path (abs): /raid/yij/icme/singlerelated/ViT-B-16.pt
Resized position embedding: %s to %s torch.Size([197, 768]) torch.Size([129, 768])
Position embedding resize to height:16 width: 8
Successfully load ckpt!
<All keys matched successfully>
Loading pretrained model from CLIP
camera number is : 4
===========Building Signal===========
2025-12-13 09:48:48,481 Signal INFO: Signal(
  (clip_vision_encoder): build_transformer(
    (base): VisionTransformer(
      (conv1): Conv2d(3, 768, kernel_size=(16, 16), stride=(16, 16), bias=False)
      (ln_pre): LayerNorm((768,), eps=1e-05, elementwise_affine=True)
      (transformer): Transformer(
        (resblocks): Sequential(
          (0): ResidualAttentionBlock(
            (attn): MultiheadAttention(
              (out_proj): NonDynamicallyQuantizableLinear(in_features=768, out_features=768, bias=True)
            )
            (ln_1): LayerNorm((768,), eps=1e-05, elementwise_affine=True)
            (mlp): Sequential(
              (c_fc): Linear(in_features=768, out_features=3072, bias=True)
              (gelu): QuickGELU()
              (c_proj): Linear(in_features=3072, out_features=768, bias=True)
            )
            (ln_2): LayerNorm((768,), eps=1e-05, elementwise_affine=True)
          )
          (1): ResidualAttentionBlock(
            (attn): MultiheadAttention(
              (out_proj): NonDynamicallyQuantizableLinear(in_features=768, out_features=768, bias=True)
            )
            (ln_1): LayerNorm((768,), eps=1e-05, elementwise_affine=True)
            (mlp): Sequential(
              (c_fc): Linear(in_features=768, out_features=3072, bias=True)
              (gelu): QuickGELU()
              (c_proj): Linear(in_features=3072, out_features=768, bias=True)
            )
            (ln_2): LayerNorm((768,), eps=1e-05, elementwise_affine=True)
          )
          (2): ResidualAttentionBlock(
            (attn): MultiheadAttention(
              (out_proj): NonDynamicallyQuantizableLinear(in_features=768, out_features=768, bias=True)
            )
            (ln_1): LayerNorm((768,), eps=1e-05, elementwise_affine=True)
            (mlp): Sequential(
              (c_fc): Linear(in_features=768, out_features=3072, bias=True)
              (gelu): QuickGELU()
              (c_proj): Linear(in_features=3072, out_features=768, bias=True)
            )
            (ln_2): LayerNorm((768,), eps=1e-05, elementwise_affine=True)
          )
          (3): ResidualAttentionBlock(
            (attn): MultiheadAttention(
              (out_proj): NonDynamicallyQuantizableLinear(in_features=768, out_features=768, bias=True)
            )
            (ln_1): LayerNorm((768,), eps=1e-05, elementwise_affine=True)
            (mlp): Sequential(
              (c_fc): Linear(in_features=768, out_features=3072, bias=True)
              (gelu): QuickGELU()
              (c_proj): Linear(in_features=3072, out_features=768, bias=True)
            )
            (ln_2): LayerNorm((768,), eps=1e-05, elementwise_affine=True)
          )
          (4): ResidualAttentionBlock(
            (attn): MultiheadAttention(
              (out_proj): NonDynamicallyQuantizableLinear(in_features=768, out_features=768, bias=True)
            )
            (ln_1): LayerNorm((768,), eps=1e-05, elementwise_affine=True)
            (mlp): Sequential(
              (c_fc): Linear(in_features=768, out_features=3072, bias=True)
              (gelu): QuickGELU()
              (c_proj): Linear(in_features=3072, out_features=768, bias=True)
            )
            (ln_2): LayerNorm((768,), eps=1e-05, elementwise_affine=True)
          )
          (5): ResidualAttentionBlock(
            (attn): MultiheadAttention(
              (out_proj): NonDynamicallyQuantizableLinear(in_features=768, out_features=768, bias=True)
            )
            (ln_1): LayerNorm((768,), eps=1e-05, elementwise_affine=True)
            (mlp): Sequential(
              (c_fc): Linear(in_features=768, out_features=3072, bias=True)
              (gelu): QuickGELU()
              (c_proj): Linear(in_features=3072, out_features=768, bias=True)
            )
            (ln_2): LayerNorm((768,), eps=1e-05, elementwise_affine=True)
          )
          (6): ResidualAttentionBlock(
            (attn): MultiheadAttention(
              (out_proj): NonDynamicallyQuantizableLinear(in_features=768, out_features=768, bias=True)
            )
            (ln_1): LayerNorm((768,), eps=1e-05, elementwise_affine=True)
            (mlp): Sequential(
              (c_fc): Linear(in_features=768, out_features=3072, bias=True)
              (gelu): QuickGELU()
              (c_proj): Linear(in_features=3072, out_features=768, bias=True)
            )
            (ln_2): LayerNorm((768,), eps=1e-05, elementwise_affine=True)
          )
          (7): ResidualAttentionBlock(
            (attn): MultiheadAttention(
              (out_proj): NonDynamicallyQuantizableLinear(in_features=768, out_features=768, bias=True)
            )
            (ln_1): LayerNorm((768,), eps=1e-05, elementwise_affine=True)
            (mlp): Sequential(
              (c_fc): Linear(in_features=768, out_features=3072, bias=True)
              (gelu): QuickGELU()
              (c_proj): Linear(in_features=3072, out_features=768, bias=True)
            )
            (ln_2): LayerNorm((768,), eps=1e-05, elementwise_affine=True)
          )
          (8): ResidualAttentionBlock(
            (attn): MultiheadAttention(
              (out_proj): NonDynamicallyQuantizableLinear(in_features=768, out_features=768, bias=True)
            )
            (ln_1): LayerNorm((768,), eps=1e-05, elementwise_affine=True)
            (mlp): Sequential(
              (c_fc): Linear(in_features=768, out_features=3072, bias=True)
              (gelu): QuickGELU()
              (c_proj): Linear(in_features=3072, out_features=768, bias=True)
            )
            (ln_2): LayerNorm((768,), eps=1e-05, elementwise_affine=True)
          )
          (9): ResidualAttentionBlock(
            (attn): MultiheadAttention(
              (out_proj): NonDynamicallyQuantizableLinear(in_features=768, out_features=768, bias=True)
            )
            (ln_1): LayerNorm((768,), eps=1e-05, elementwise_affine=True)
            (mlp): Sequential(
              (c_fc): Linear(in_features=768, out_features=3072, bias=True)
              (gelu): QuickGELU()
              (c_proj): Linear(in_features=3072, out_features=768, bias=True)
            )
            (ln_2): LayerNorm((768,), eps=1e-05, elementwise_affine=True)
          )
          (10): ResidualAttentionBlock(
            (attn): MultiheadAttention(
              (out_proj): NonDynamicallyQuantizableLinear(in_features=768, out_features=768, bias=True)
            )
            (ln_1): LayerNorm((768,), eps=1e-05, elementwise_affine=True)
            (mlp): Sequential(
              (c_fc): Linear(in_features=768, out_features=3072, bias=True)
              (gelu): QuickGELU()
              (c_proj): Linear(in_features=3072, out_features=768, bias=True)
            )
            (ln_2): LayerNorm((768,), eps=1e-05, elementwise_affine=True)
          )
          (11): ResidualAttentionBlock(
            (attn): MultiheadAttention(
              (out_proj): NonDynamicallyQuantizableLinear(in_features=768, out_features=768, bias=True)
            )
            (ln_1): LayerNorm((768,), eps=1e-05, elementwise_affine=True)
            (mlp): Sequential(
              (c_fc): Linear(in_features=768, out_features=3072, bias=True)
              (gelu): QuickGELU()
              (c_proj): Linear(in_features=3072, out_features=768, bias=True)
            )
            (ln_2): LayerNorm((768,), eps=1e-05, elementwise_affine=True)
          )
        )
      )
      (ln_post): LayerNorm((768,), eps=1e-05, elementwise_affine=True)
    )
  )
  (bottleneck): BatchNorm1d(1536, eps=1e-05, momentum=0.1, affine=True, track_running_stats=True)
  (classifier): Linear(in_features=1536, out_features=171, bias=False)
)
2025-12-13 09:48:48,482 Signal INFO: number of parameters:86.40768
using soft triplet loss for training
label smooth on, numclasses: 171
2025-12-13 09:48:48,494 Signal.train INFO: start training
use CUDA cuda:0
<<<<<<<<<<<<<<<<<<<<<<<<<<<<<<<< Start Training >>>>>>>>>>>>>>>>>>>>>>>>>>>>>
2025-12-13 09:48:52,454 Signal.train INFO: Epoch[1] Iteration[10/54] Loss: 3.335, Acc: 0.003, Base Lr: 6.65e-05
2025-12-13 09:48:54,775 Signal.train INFO: Epoch[1] Iteration[20/54] Loss: 2.738, Acc: 0.008, Base Lr: 6.65e-05
2025-12-13 09:48:57,109 Signal.train INFO: Epoch[1] Iteration[30/54] Loss: 2.502, Acc: 0.012, Base Lr: 6.65e-05
2025-12-13 09:48:59,424 Signal.train INFO: Epoch[1] Iteration[40/54] Loss: 2.360, Acc: 0.024, Base Lr: 6.65e-05
2025-12-13 09:49:01,729 Signal.train INFO: Epoch[1] Iteration[50/54] Loss: 2.276, Acc: 0.037, Base Lr: 6.65e-05
2025-12-13 09:49:02,503 Signal.train INFO: Epoch 1 done. Time per batch: 0.264[s] Speed: 242.2[samples/s]
2025-12-13 09:49:02,506 Signal.train INFO: ~~~~~~~~~~~~~~~~~~~~~~~~~~~~~~~~~~~~~~~~~~~~~~~~~~
2025-12-13 09:49:02,506 Signal.train INFO: Current is the base feature testing!
2025-12-13 09:49:02,506 Signal.train INFO: ~~~~~~~~~~~~~~~~~~~~~~~~~~~~~~~~~~~~~~~~~~~~~~~~~~
The test feature is normalized
=> Computing DistMat with euclidean_distance
2025-12-13 09:49:11,910 Signal.train INFO: Validation Results - Epoch: 1
2025-12-13 09:49:11,910 Signal.train INFO: mAP: 11.3%
2025-12-13 09:49:11,910 Signal.train INFO: CMC curve, Rank-1  :6.9%
2025-12-13 09:49:11,910 Signal.train INFO: CMC curve, Rank-5  :16.0%
2025-12-13 09:49:11,910 Signal.train INFO: CMC curve, Rank-10 :24.8%
2025-12-13 09:49:11,910 Signal.train INFO: ~~~~~~~~~~~~~~~~~~~~~~~~~~~~~~~~~~~~~~~~~~~~~~~~~~
2025-12-13 09:49:14,903 Signal.train INFO: ~~~~~~~~~~~~~~~~~~~~~~~~~~~~~~~~~~~~~~~~~~~~~~~~~~
2025-12-13 09:49:14,903 Signal.train INFO: Best mAP: 11.3%
2025-12-13 09:49:14,903 Signal.train INFO: Best Rank-1: 6.9%
2025-12-13 09:49:14,903 Signal.train INFO: Best Rank-5: 16.0%
2025-12-13 09:49:14,903 Signal.train INFO: Best Rank-10: 24.8%
2025-12-13 09:49:14,903 Signal.train INFO: ~~~~~~~~~~~~~~~~~~~~~~~~~~~~~~~~~~~~~~~~~~~~~~~~~~
2025-12-13 09:49:17,999 Signal.train INFO: Epoch[2] Iteration[10/54] Loss: 1.828, Acc: 0.336, Base Lr: 9.80e-05
2025-12-13 09:49:20,339 Signal.train INFO: Epoch[2] Iteration[20/54] Loss: 1.748, Acc: 0.314, Base Lr: 9.80e-05
2025-12-13 09:49:22,745 Signal.train INFO: Epoch[2] Iteration[30/54] Loss: 1.722, Acc: 0.295, Base Lr: 9.80e-05
2025-12-13 09:49:25,161 Signal.train INFO: Epoch[2] Iteration[40/54] Loss: 1.700, Acc: 0.278, Base Lr: 9.80e-05
2025-12-13 09:49:27,495 Signal.train INFO: Epoch[2] Iteration[50/54] Loss: 1.664, Acc: 0.269, Base Lr: 9.80e-05
2025-12-13 09:49:28,270 Signal.train INFO: Epoch 2 done. Time per batch: 0.252[s] Speed: 253.8[samples/s]
2025-12-13 09:49:28,273 Signal.train INFO: ~~~~~~~~~~~~~~~~~~~~~~~~~~~~~~~~~~~~~~~~~~~~~~~~~~
2025-12-13 09:49:28,273 Signal.train INFO: Current is the base feature testing!
2025-12-13 09:49:28,273 Signal.train INFO: ~~~~~~~~~~~~~~~~~~~~~~~~~~~~~~~~~~~~~~~~~~~~~~~~~~
The test feature is normalized
=> Computing DistMat with euclidean_distance
2025-12-13 09:49:37,440 Signal.train INFO: Validation Results - Epoch: 2
2025-12-13 09:49:37,440 Signal.train INFO: mAP: 53.3%
2025-12-13 09:49:37,440 Signal.train INFO: CMC curve, Rank-1  :53.1%
2025-12-13 09:49:37,440 Signal.train INFO: CMC curve, Rank-5  :67.3%
2025-12-13 09:49:37,441 Signal.train INFO: CMC curve, Rank-10 :74.9%
2025-12-13 09:49:37,441 Signal.train INFO: ~~~~~~~~~~~~~~~~~~~~~~~~~~~~~~~~~~~~~~~~~~~~~~~~~~
2025-12-13 09:49:40,565 Signal.train INFO: ~~~~~~~~~~~~~~~~~~~~~~~~~~~~~~~~~~~~~~~~~~~~~~~~~~
2025-12-13 09:49:40,566 Signal.train INFO: Best mAP: 53.3%
2025-12-13 09:49:40,566 Signal.train INFO: Best Rank-1: 53.1%
2025-12-13 09:49:40,566 Signal.train INFO: Best Rank-5: 67.3%
2025-12-13 09:49:40,566 Signal.train INFO: Best Rank-10: 74.9%
2025-12-13 09:49:40,566 Signal.train INFO: ~~~~~~~~~~~~~~~~~~~~~~~~~~~~~~~~~~~~~~~~~~~~~~~~~~
2025-12-13 09:49:43,625 Signal.train INFO: Epoch[3] Iteration[10/54] Loss: 1.303, Acc: 0.578, Base Lr: 1.30e-04
2025-12-13 09:49:45,948 Signal.train INFO: Epoch[3] Iteration[20/54] Loss: 1.332, Acc: 0.554, Base Lr: 1.30e-04
2025-12-13 09:49:48,247 Signal.train INFO: Epoch[3] Iteration[30/54] Loss: 1.350, Acc: 0.538, Base Lr: 1.30e-04
2025-12-13 09:49:50,600 Signal.train INFO: Epoch[3] Iteration[40/54] Loss: 1.323, Acc: 0.501, Base Lr: 1.30e-04
2025-12-13 09:49:52,943 Signal.train INFO: Epoch[3] Iteration[50/54] Loss: 1.308, Acc: 0.489, Base Lr: 1.30e-04
2025-12-13 09:49:53,728 Signal.train INFO: Epoch 3 done. Time per batch: 0.248[s] Speed: 257.7[samples/s]
2025-12-13 09:49:53,748 Signal.train INFO: ~~~~~~~~~~~~~~~~~~~~~~~~~~~~~~~~~~~~~~~~~~~~~~~~~~
2025-12-13 09:49:53,748 Signal.train INFO: Current is the base feature testing!
2025-12-13 09:49:53,749 Signal.train INFO: ~~~~~~~~~~~~~~~~~~~~~~~~~~~~~~~~~~~~~~~~~~~~~~~~~~
The test feature is normalized
=> Computing DistMat with euclidean_distance
2025-12-13 09:50:03,061 Signal.train INFO: Validation Results - Epoch: 3
2025-12-13 09:50:03,061 Signal.train INFO: mAP: 56.6%
2025-12-13 09:50:03,062 Signal.train INFO: CMC curve, Rank-1  :58.5%
2025-12-13 09:50:03,062 Signal.train INFO: CMC curve, Rank-5  :70.5%
2025-12-13 09:50:03,062 Signal.train INFO: CMC curve, Rank-10 :77.4%
2025-12-13 09:50:03,062 Signal.train INFO: ~~~~~~~~~~~~~~~~~~~~~~~~~~~~~~~~~~~~~~~~~~~~~~~~~~
2025-12-13 09:50:06,167 Signal.train INFO: ~~~~~~~~~~~~~~~~~~~~~~~~~~~~~~~~~~~~~~~~~~~~~~~~~~
2025-12-13 09:50:06,168 Signal.train INFO: Best mAP: 56.6%
2025-12-13 09:50:06,168 Signal.train INFO: Best Rank-1: 58.5%
2025-12-13 09:50:06,168 Signal.train INFO: Best Rank-5: 70.5%
2025-12-13 09:50:06,169 Signal.train INFO: Best Rank-10: 77.4%
2025-12-13 09:50:06,169 Signal.train INFO: ~~~~~~~~~~~~~~~~~~~~~~~~~~~~~~~~~~~~~~~~~~~~~~~~~~
2025-12-13 09:50:09,192 Signal.train INFO: Epoch[4] Iteration[10/54] Loss: 1.076, Acc: 0.719, Base Lr: 1.61e-04
2025-12-13 09:50:11,505 Signal.train INFO: Epoch[4] Iteration[20/54] Loss: 1.003, Acc: 0.735, Base Lr: 1.61e-04
2025-12-13 09:50:13,854 Signal.train INFO: Epoch[4] Iteration[30/54] Loss: 1.000, Acc: 0.693, Base Lr: 1.61e-04
2025-12-13 09:50:16,198 Signal.train INFO: Epoch[4] Iteration[40/54] Loss: 0.979, Acc: 0.704, Base Lr: 1.61e-04
2025-12-13 09:50:18,516 Signal.train INFO: Epoch[4] Iteration[50/54] Loss: 0.955, Acc: 0.716, Base Lr: 1.61e-04
2025-12-13 09:50:19,281 Signal.train INFO: Epoch 4 done. Time per batch: 0.247[s] Speed: 258.7[samples/s]
2025-12-13 09:50:19,282 Signal.train INFO: ~~~~~~~~~~~~~~~~~~~~~~~~~~~~~~~~~~~~~~~~~~~~~~~~~~
2025-12-13 09:50:19,282 Signal.train INFO: Current is the base feature testing!
2025-12-13 09:50:19,282 Signal.train INFO: ~~~~~~~~~~~~~~~~~~~~~~~~~~~~~~~~~~~~~~~~~~~~~~~~~~
The test feature is normalized
=> Computing DistMat with euclidean_distance
2025-12-13 09:50:28,498 Signal.train INFO: Validation Results - Epoch: 4
2025-12-13 09:50:28,498 Signal.train INFO: mAP: 64.7%
2025-12-13 09:50:28,498 Signal.train INFO: CMC curve, Rank-1  :68.7%
2025-12-13 09:50:28,499 Signal.train INFO: CMC curve, Rank-5  :80.9%
2025-12-13 09:50:28,499 Signal.train INFO: CMC curve, Rank-10 :84.4%
2025-12-13 09:50:28,499 Signal.train INFO: ~~~~~~~~~~~~~~~~~~~~~~~~~~~~~~~~~~~~~~~~~~~~~~~~~~
2025-12-13 09:50:32,062 Signal.train INFO: ~~~~~~~~~~~~~~~~~~~~~~~~~~~~~~~~~~~~~~~~~~~~~~~~~~
2025-12-13 09:50:32,062 Signal.train INFO: Best mAP: 64.7%
2025-12-13 09:50:32,062 Signal.train INFO: Best Rank-1: 68.7%
2025-12-13 09:50:32,062 Signal.train INFO: Best Rank-5: 80.9%
2025-12-13 09:50:32,062 Signal.train INFO: Best Rank-10: 84.4%
2025-12-13 09:50:32,062 Signal.train INFO: ~~~~~~~~~~~~~~~~~~~~~~~~~~~~~~~~~~~~~~~~~~~~~~~~~~
2025-12-13 09:50:35,130 Signal.train INFO: Epoch[5] Iteration[10/54] Loss: 0.678, Acc: 0.859, Base Lr: 1.93e-04
2025-12-13 09:50:37,464 Signal.train INFO: Epoch[5] Iteration[20/54] Loss: 0.668, Acc: 0.817, Base Lr: 1.93e-04
2025-12-13 09:50:39,762 Signal.train INFO: Epoch[5] Iteration[30/54] Loss: 0.670, Acc: 0.755, Base Lr: 1.93e-04
2025-12-13 09:50:42,062 Signal.train INFO: Epoch[5] Iteration[40/54] Loss: 0.656, Acc: 0.764, Base Lr: 1.93e-04
2025-12-13 09:50:44,400 Signal.train INFO: Epoch[5] Iteration[50/54] Loss: 0.654, Acc: 0.757, Base Lr: 1.93e-04
2025-12-13 09:50:45,153 Signal.train INFO: Epoch 5 done. Time per batch: 0.247[s] Speed: 259.1[samples/s]
2025-12-13 09:50:45,154 Signal.train INFO: ~~~~~~~~~~~~~~~~~~~~~~~~~~~~~~~~~~~~~~~~~~~~~~~~~~
2025-12-13 09:50:45,155 Signal.train INFO: Current is the base feature testing!
2025-12-13 09:50:45,155 Signal.train INFO: ~~~~~~~~~~~~~~~~~~~~~~~~~~~~~~~~~~~~~~~~~~~~~~~~~~
The test feature is normalized
=> Computing DistMat with euclidean_distance
2025-12-13 09:50:54,300 Signal.train INFO: Validation Results - Epoch: 5
2025-12-13 09:50:54,300 Signal.train INFO: mAP: 62.6%
2025-12-13 09:50:54,300 Signal.train INFO: CMC curve, Rank-1  :63.6%
2025-12-13 09:50:54,301 Signal.train INFO: CMC curve, Rank-5  :77.0%
2025-12-13 09:50:54,301 Signal.train INFO: CMC curve, Rank-10 :82.8%
2025-12-13 09:50:54,301 Signal.train INFO: ~~~~~~~~~~~~~~~~~~~~~~~~~~~~~~~~~~~~~~~~~~~~~~~~~~
2025-12-13 09:50:54,348 Signal.train INFO: ~~~~~~~~~~~~~~~~~~~~~~~~~~~~~~~~~~~~~~~~~~~~~~~~~~
2025-12-13 09:50:54,348 Signal.train INFO: Best mAP: 64.7%
2025-12-13 09:50:54,348 Signal.train INFO: Best Rank-1: 68.7%
2025-12-13 09:50:54,348 Signal.train INFO: Best Rank-5: 80.9%
2025-12-13 09:50:54,349 Signal.train INFO: Best Rank-10: 84.4%
2025-12-13 09:50:54,349 Signal.train INFO: ~~~~~~~~~~~~~~~~~~~~~~~~~~~~~~~~~~~~~~~~~~~~~~~~~~
2025-12-13 09:50:57,378 Signal.train INFO: Epoch[6] Iteration[10/54] Loss: 0.444, Acc: 0.941, Base Lr: 2.24e-04
2025-12-13 09:50:59,703 Signal.train INFO: Epoch[6] Iteration[20/54] Loss: 0.454, Acc: 0.940, Base Lr: 2.24e-04
2025-12-13 09:51:02,025 Signal.train INFO: Epoch[6] Iteration[30/54] Loss: 0.439, Acc: 0.937, Base Lr: 2.24e-04
2025-12-13 09:51:04,328 Signal.train INFO: Epoch[6] Iteration[40/54] Loss: 0.452, Acc: 0.927, Base Lr: 2.24e-04
2025-12-13 09:51:06,629 Signal.train INFO: Epoch[6] Iteration[50/54] Loss: 0.445, Acc: 0.931, Base Lr: 2.24e-04
2025-12-13 09:51:07,411 Signal.train INFO: Epoch 6 done. Time per batch: 0.246[s] Speed: 259.7[samples/s]
2025-12-13 09:51:07,413 Signal.train INFO: ~~~~~~~~~~~~~~~~~~~~~~~~~~~~~~~~~~~~~~~~~~~~~~~~~~
2025-12-13 09:51:07,413 Signal.train INFO: Current is the base feature testing!
2025-12-13 09:51:07,413 Signal.train INFO: ~~~~~~~~~~~~~~~~~~~~~~~~~~~~~~~~~~~~~~~~~~~~~~~~~~
The test feature is normalized
=> Computing DistMat with euclidean_distance
2025-12-13 09:51:16,611 Signal.train INFO: Validation Results - Epoch: 6
2025-12-13 09:51:16,611 Signal.train INFO: mAP: 61.9%
2025-12-13 09:51:16,611 Signal.train INFO: CMC curve, Rank-1  :63.6%
2025-12-13 09:51:16,611 Signal.train INFO: CMC curve, Rank-5  :74.8%
2025-12-13 09:51:16,611 Signal.train INFO: CMC curve, Rank-10 :81.1%
2025-12-13 09:51:16,611 Signal.train INFO: ~~~~~~~~~~~~~~~~~~~~~~~~~~~~~~~~~~~~~~~~~~~~~~~~~~
2025-12-13 09:51:16,687 Signal.train INFO: ~~~~~~~~~~~~~~~~~~~~~~~~~~~~~~~~~~~~~~~~~~~~~~~~~~
2025-12-13 09:51:16,687 Signal.train INFO: Best mAP: 64.7%
2025-12-13 09:51:16,688 Signal.train INFO: Best Rank-1: 68.7%
2025-12-13 09:51:16,688 Signal.train INFO: Best Rank-5: 80.9%
2025-12-13 09:51:16,688 Signal.train INFO: Best Rank-10: 84.4%
2025-12-13 09:51:16,688 Signal.train INFO: ~~~~~~~~~~~~~~~~~~~~~~~~~~~~~~~~~~~~~~~~~~~~~~~~~~
2025-12-13 09:51:19,634 Signal.train INFO: Epoch[7] Iteration[10/54] Loss: 0.328, Acc: 0.988, Base Lr: 2.55e-04
2025-12-13 09:51:22,007 Signal.train INFO: Epoch[7] Iteration[20/54] Loss: 0.316, Acc: 0.987, Base Lr: 2.55e-04
2025-12-13 09:51:24,317 Signal.train INFO: Epoch[7] Iteration[30/54] Loss: 0.322, Acc: 0.984, Base Lr: 2.55e-04
2025-12-13 09:51:26,630 Signal.train INFO: Epoch[7] Iteration[40/54] Loss: 0.318, Acc: 0.987, Base Lr: 2.55e-04
2025-12-13 09:51:28,958 Signal.train INFO: Epoch[7] Iteration[50/54] Loss: 0.321, Acc: 0.988, Base Lr: 2.55e-04
2025-12-13 09:51:29,731 Signal.train INFO: Epoch 7 done. Time per batch: 0.246[s] Speed: 260.1[samples/s]
2025-12-13 09:51:29,734 Signal.train INFO: ~~~~~~~~~~~~~~~~~~~~~~~~~~~~~~~~~~~~~~~~~~~~~~~~~~
2025-12-13 09:51:29,734 Signal.train INFO: Current is the base feature testing!
2025-12-13 09:51:29,734 Signal.train INFO: ~~~~~~~~~~~~~~~~~~~~~~~~~~~~~~~~~~~~~~~~~~~~~~~~~~
The test feature is normalized
=> Computing DistMat with euclidean_distance
2025-12-13 09:51:39,106 Signal.train INFO: Validation Results - Epoch: 7
2025-12-13 09:51:39,107 Signal.train INFO: mAP: 64.3%
2025-12-13 09:51:39,107 Signal.train INFO: CMC curve, Rank-1  :67.3%
2025-12-13 09:51:39,107 Signal.train INFO: CMC curve, Rank-5  :76.9%
2025-12-13 09:51:39,107 Signal.train INFO: CMC curve, Rank-10 :82.2%
2025-12-13 09:51:39,107 Signal.train INFO: ~~~~~~~~~~~~~~~~~~~~~~~~~~~~~~~~~~~~~~~~~~~~~~~~~~
2025-12-13 09:51:39,146 Signal.train INFO: ~~~~~~~~~~~~~~~~~~~~~~~~~~~~~~~~~~~~~~~~~~~~~~~~~~
2025-12-13 09:51:39,146 Signal.train INFO: Best mAP: 64.7%
2025-12-13 09:51:39,146 Signal.train INFO: Best Rank-1: 68.7%
2025-12-13 09:51:39,146 Signal.train INFO: Best Rank-5: 80.9%
2025-12-13 09:51:39,147 Signal.train INFO: Best Rank-10: 84.4%
2025-12-13 09:51:39,147 Signal.train INFO: ~~~~~~~~~~~~~~~~~~~~~~~~~~~~~~~~~~~~~~~~~~~~~~~~~~
2025-12-13 09:51:42,045 Signal.train INFO: Epoch[8] Iteration[10/54] Loss: 0.288, Acc: 0.995, Base Lr: 2.87e-04
2025-12-13 09:51:44,374 Signal.train INFO: Epoch[8] Iteration[20/54] Loss: 0.282, Acc: 0.995, Base Lr: 2.87e-04
2025-12-13 09:51:46,711 Signal.train INFO: Epoch[8] Iteration[30/54] Loss: 0.281, Acc: 0.995, Base Lr: 2.87e-04
2025-12-13 09:51:49,054 Signal.train INFO: Epoch[8] Iteration[40/54] Loss: 0.282, Acc: 0.995, Base Lr: 2.87e-04
2025-12-13 09:51:51,384 Signal.train INFO: Epoch[8] Iteration[50/54] Loss: 0.280, Acc: 0.995, Base Lr: 2.87e-04
2025-12-13 09:51:52,163 Signal.train INFO: Epoch 8 done. Time per batch: 0.246[s] Speed: 260.6[samples/s]
2025-12-13 09:51:52,166 Signal.train INFO: ~~~~~~~~~~~~~~~~~~~~~~~~~~~~~~~~~~~~~~~~~~~~~~~~~~
2025-12-13 09:51:52,166 Signal.train INFO: Current is the base feature testing!
2025-12-13 09:51:52,166 Signal.train INFO: ~~~~~~~~~~~~~~~~~~~~~~~~~~~~~~~~~~~~~~~~~~~~~~~~~~
The test feature is normalized
=> Computing DistMat with euclidean_distance
2025-12-13 09:52:01,498 Signal.train INFO: Validation Results - Epoch: 8
2025-12-13 09:52:01,498 Signal.train INFO: mAP: 67.0%
2025-12-13 09:52:01,498 Signal.train INFO: CMC curve, Rank-1  :70.7%
2025-12-13 09:52:01,498 Signal.train INFO: CMC curve, Rank-5  :78.2%
2025-12-13 09:52:01,498 Signal.train INFO: CMC curve, Rank-10 :83.4%
2025-12-13 09:52:01,498 Signal.train INFO: ~~~~~~~~~~~~~~~~~~~~~~~~~~~~~~~~~~~~~~~~~~~~~~~~~~
2025-12-13 09:52:04,596 Signal.train INFO: ~~~~~~~~~~~~~~~~~~~~~~~~~~~~~~~~~~~~~~~~~~~~~~~~~~
2025-12-13 09:52:04,596 Signal.train INFO: Best mAP: 67.0%
2025-12-13 09:52:04,597 Signal.train INFO: Best Rank-1: 70.7%
2025-12-13 09:52:04,597 Signal.train INFO: Best Rank-5: 78.2%
2025-12-13 09:52:04,597 Signal.train INFO: Best Rank-10: 83.4%
2025-12-13 09:52:04,597 Signal.train INFO: ~~~~~~~~~~~~~~~~~~~~~~~~~~~~~~~~~~~~~~~~~~~~~~~~~~
2025-12-13 09:52:07,812 Signal.train INFO: Epoch[9] Iteration[10/54] Loss: 0.264, Acc: 0.998, Base Lr: 3.18e-04
2025-12-13 09:52:10,124 Signal.train INFO: Epoch[9] Iteration[20/54] Loss: 0.267, Acc: 0.998, Base Lr: 3.18e-04
2025-12-13 09:52:12,433 Signal.train INFO: Epoch[9] Iteration[30/54] Loss: 0.264, Acc: 0.999, Base Lr: 3.18e-04
2025-12-13 09:52:14,750 Signal.train INFO: Epoch[9] Iteration[40/54] Loss: 0.262, Acc: 0.999, Base Lr: 3.18e-04
2025-12-13 09:52:17,101 Signal.train INFO: Epoch[9] Iteration[50/54] Loss: 0.262, Acc: 0.999, Base Lr: 3.18e-04
2025-12-13 09:52:17,885 Signal.train INFO: Epoch 9 done. Time per batch: 0.251[s] Speed: 255.3[samples/s]
2025-12-13 09:52:17,888 Signal.train INFO: ~~~~~~~~~~~~~~~~~~~~~~~~~~~~~~~~~~~~~~~~~~~~~~~~~~
2025-12-13 09:52:17,888 Signal.train INFO: Current is the base feature testing!
2025-12-13 09:52:17,888 Signal.train INFO: ~~~~~~~~~~~~~~~~~~~~~~~~~~~~~~~~~~~~~~~~~~~~~~~~~~
The test feature is normalized
=> Computing DistMat with euclidean_distance
2025-12-13 09:52:27,182 Signal.train INFO: Validation Results - Epoch: 9
2025-12-13 09:52:27,182 Signal.train INFO: mAP: 67.5%
2025-12-13 09:52:27,182 Signal.train INFO: CMC curve, Rank-1  :70.2%
2025-12-13 09:52:27,182 Signal.train INFO: CMC curve, Rank-5  :80.3%
2025-12-13 09:52:27,182 Signal.train INFO: CMC curve, Rank-10 :85.8%
2025-12-13 09:52:27,183 Signal.train INFO: ~~~~~~~~~~~~~~~~~~~~~~~~~~~~~~~~~~~~~~~~~~~~~~~~~~
2025-12-13 09:52:30,341 Signal.train INFO: ~~~~~~~~~~~~~~~~~~~~~~~~~~~~~~~~~~~~~~~~~~~~~~~~~~
2025-12-13 09:52:30,341 Signal.train INFO: Best mAP: 67.5%
2025-12-13 09:52:30,341 Signal.train INFO: Best Rank-1: 70.2%
2025-12-13 09:52:30,341 Signal.train INFO: Best Rank-5: 80.3%
2025-12-13 09:52:30,341 Signal.train INFO: Best Rank-10: 85.8%
2025-12-13 09:52:30,341 Signal.train INFO: ~~~~~~~~~~~~~~~~~~~~~~~~~~~~~~~~~~~~~~~~~~~~~~~~~~
2025-12-13 09:52:33,445 Signal.train INFO: Epoch[10] Iteration[10/54] Loss: 0.257, Acc: 1.000, Base Lr: 3.17e-04
2025-12-13 09:52:35,761 Signal.train INFO: Epoch[10] Iteration[20/54] Loss: 0.255, Acc: 0.999, Base Lr: 3.17e-04
2025-12-13 09:52:38,077 Signal.train INFO: Epoch[10] Iteration[30/54] Loss: 0.259, Acc: 0.999, Base Lr: 3.17e-04
2025-12-13 09:52:40,379 Signal.train INFO: Epoch[10] Iteration[40/54] Loss: 0.258, Acc: 0.999, Base Lr: 3.17e-04
2025-12-13 09:52:42,788 Signal.train INFO: Epoch[10] Iteration[50/54] Loss: 0.256, Acc: 0.999, Base Lr: 3.17e-04
2025-12-13 09:52:43,568 Signal.train INFO: Epoch 10 done. Time per batch: 0.250[s] Speed: 256.5[samples/s]
2025-12-13 09:52:43,607 Signal.train INFO: ~~~~~~~~~~~~~~~~~~~~~~~~~~~~~~~~~~~~~~~~~~~~~~~~~~
2025-12-13 09:52:43,607 Signal.train INFO: Current is the base feature testing!
2025-12-13 09:52:43,607 Signal.train INFO: ~~~~~~~~~~~~~~~~~~~~~~~~~~~~~~~~~~~~~~~~~~~~~~~~~~
The test feature is normalized
=> Computing DistMat with euclidean_distance
2025-12-13 09:52:52,951 Signal.train INFO: Validation Results - Epoch: 10
2025-12-13 09:52:52,952 Signal.train INFO: mAP: 66.0%
2025-12-13 09:52:52,952 Signal.train INFO: CMC curve, Rank-1  :69.3%
2025-12-13 09:52:52,952 Signal.train INFO: CMC curve, Rank-5  :77.6%
2025-12-13 09:52:52,952 Signal.train INFO: CMC curve, Rank-10 :83.7%
2025-12-13 09:52:52,952 Signal.train INFO: ~~~~~~~~~~~~~~~~~~~~~~~~~~~~~~~~~~~~~~~~~~~~~~~~~~
2025-12-13 09:52:52,997 Signal.train INFO: ~~~~~~~~~~~~~~~~~~~~~~~~~~~~~~~~~~~~~~~~~~~~~~~~~~
2025-12-13 09:52:52,998 Signal.train INFO: Best mAP: 67.5%
2025-12-13 09:52:52,998 Signal.train INFO: Best Rank-1: 70.2%
2025-12-13 09:52:52,998 Signal.train INFO: Best Rank-5: 80.3%
2025-12-13 09:52:52,998 Signal.train INFO: Best Rank-10: 85.8%
2025-12-13 09:52:52,998 Signal.train INFO: ~~~~~~~~~~~~~~~~~~~~~~~~~~~~~~~~~~~~~~~~~~~~~~~~~~
2025-12-13 09:52:56,011 Signal.train INFO: Epoch[11] Iteration[10/54] Loss: 0.250, Acc: 1.000, Base Lr: 3.10e-04
2025-12-13 09:52:58,342 Signal.train INFO: Epoch[11] Iteration[20/54] Loss: 0.251, Acc: 0.999, Base Lr: 3.10e-04
2025-12-13 09:53:00,718 Signal.train INFO: Epoch[11] Iteration[30/54] Loss: 0.250, Acc: 0.999, Base Lr: 3.10e-04
2025-12-13 09:53:03,050 Signal.train INFO: Epoch[11] Iteration[40/54] Loss: 0.251, Acc: 1.000, Base Lr: 3.10e-04
2025-12-13 09:53:05,388 Signal.train INFO: Epoch[11] Iteration[50/54] Loss: 0.251, Acc: 1.000, Base Lr: 3.10e-04
2025-12-13 09:53:06,146 Signal.train INFO: Epoch 11 done. Time per batch: 0.248[s] Speed: 258.0[samples/s]
2025-12-13 09:53:06,149 Signal.train INFO: ~~~~~~~~~~~~~~~~~~~~~~~~~~~~~~~~~~~~~~~~~~~~~~~~~~
2025-12-13 09:53:06,149 Signal.train INFO: Current is the base feature testing!
2025-12-13 09:53:06,149 Signal.train INFO: ~~~~~~~~~~~~~~~~~~~~~~~~~~~~~~~~~~~~~~~~~~~~~~~~~~
The test feature is normalized
=> Computing DistMat with euclidean_distance
2025-12-13 09:53:15,456 Signal.train INFO: Validation Results - Epoch: 11
2025-12-13 09:53:15,456 Signal.train INFO: mAP: 66.7%
2025-12-13 09:53:15,456 Signal.train INFO: CMC curve, Rank-1  :69.6%
2025-12-13 09:53:15,456 Signal.train INFO: CMC curve, Rank-5  :78.3%
2025-12-13 09:53:15,456 Signal.train INFO: CMC curve, Rank-10 :84.0%
2025-12-13 09:53:15,456 Signal.train INFO: ~~~~~~~~~~~~~~~~~~~~~~~~~~~~~~~~~~~~~~~~~~~~~~~~~~
2025-12-13 09:53:15,496 Signal.train INFO: ~~~~~~~~~~~~~~~~~~~~~~~~~~~~~~~~~~~~~~~~~~~~~~~~~~
2025-12-13 09:53:15,496 Signal.train INFO: Best mAP: 67.5%
2025-12-13 09:53:15,496 Signal.train INFO: Best Rank-1: 70.2%
2025-12-13 09:53:15,496 Signal.train INFO: Best Rank-5: 80.3%
2025-12-13 09:53:15,496 Signal.train INFO: Best Rank-10: 85.8%
2025-12-13 09:53:15,496 Signal.train INFO: ~~~~~~~~~~~~~~~~~~~~~~~~~~~~~~~~~~~~~~~~~~~~~~~~~~
2025-12-13 09:53:18,560 Signal.train INFO: Epoch[12] Iteration[10/54] Loss: 0.248, Acc: 1.000, Base Lr: 3.03e-04
2025-12-13 09:53:20,879 Signal.train INFO: Epoch[12] Iteration[20/54] Loss: 0.249, Acc: 0.999, Base Lr: 3.03e-04
2025-12-13 09:53:23,186 Signal.train INFO: Epoch[12] Iteration[30/54] Loss: 0.250, Acc: 0.999, Base Lr: 3.03e-04
2025-12-13 09:53:25,490 Signal.train INFO: Epoch[12] Iteration[40/54] Loss: 0.251, Acc: 1.000, Base Lr: 3.03e-04
